#
# A fatal error has been detected by the Java Runtime Environment:
#
#  EXCEPTION_ACCESS_VIOLATION (0xc0000005) at pc=0x0000029e0759bb84, pid=20100, tid=6356
#
# JRE version: Java(TM) SE Runtime Environment (19.0.1+10) (build 19.0.1+10-21)
# Java VM: Java HotSpot(TM) 64-Bit Server VM (19.0.1+10-21, mixed mode, sharing, tiered, compressed oops, compressed class ptrs, g1 gc, windows-amd64)
# Problematic frame:
# v  ~BufferBlob::MethodHandles adapters 0x0000029e0759bb84
#
# No core dump will be written. Minidumps are not enabled by default on client versions of Windows
#
# If you would like to submit a bug report, please visit:
#   https://bugreport.java.com/bugreport/crash.jsp
#

---------------  S U M M A R Y ------------

Command Line: -XX:+ShowCodeDetailsInExceptionMessages -agentlib:jdwp=transport=dt_socket,suspend=y,address=localhost:62810 -javaagent:D:\Eclipse AK\java-2022-12\eclipse\configuration\org.eclipse.osgi\227\0\.cp\lib\javaagent-shaded.jar -Dfile.encoding=UTF-8 com.pennant.cms.CmsApplication

Host: 11th Gen Intel(R) Core(TM) i5-1135G7 @ 2.40GHz, 8 cores, 7G,  Windows 11 , 64 bit Build 22621 (10.0.22621.2215)
Time: Fri Dec 15 19:22:59 2023 India Standard Time elapsed time: 448.459125 seconds (0d 0h 7m 28s)

---------------  T H R E A D  ---------------

Current thread (0x0000029e1f47d610):  JavaThread "http-nio-8085-exec-7" daemon [_thread_in_Java, id=6356, stack(0x000000ee02400000,0x000000ee02500000)]

Stack: [0x000000ee02400000,0x000000ee02500000],  sp=0x000000ee024fd7a8,  free space=1013k
Native frames: (J=compiled Java code, j=interpreted, Vv=VM code, C=native code)
C  0x0000029e0759bb84


siginfo: EXCEPTION_ACCESS_VIOLATION (0xc0000005), reading address 0x0000000c382b446a


Registers:
RAX=0x0000029e0754c61a, RBX=0x0000000086f722d0, RCX=0x000000ee024fd7b0, RDX=0x0000000000000002
RSP=0x000000ee024fd7a8, RBP=0x000000ee024fd7f8, RSI=0x0000029e1fc9cf78, RDI=0x0000029e1d4e64a0
R8 =0x0000000000000004, R9 =0x0000000000000004, R10=0x0000000800737472, R11=0x0000000086f6f9c8
R12=0x0000000000000000, R13=0x000000ee024fd7a8, R14=0x000000ee024fd818, R15=0x0000029e1f47d610
RIP=0x0000029e0759bb84, EFLAGS=0x0000000000010206


Register to memory mapping:

RIP=0x0000029e0759bb84 is at begin+45 in a stub
MethodHandle::interpreter_entry::_linkToVirtual [0x0000029e0759bb57, 0x0000029e0759bbaa] (83 bytes)
RAX=0x0000029e0754c61a is at code_begin+4634 in an Interpreter codelet
return entry points  [0x0000029e0754b400, 0x0000029e0754d4d0]  8400 bytes
RBX=0x0000000086f722d0 is an oop: com.pennant.cms.controller.CmsController 
{0x0000000086f722d0} - klass: 'com/pennant/cms/controller/CmsController'
 - ---- fields (total size 3 words):
 - private 'cMSUserDaoImpl' 'Lcom/pennant/cms/dao/impl/CMSUserDaoImpl;' @12  a 'com/pennant/cms/dao/impl/CMSUserDaoImpl$$SpringCGLIB$$0'{0x0000000086f717d8} (86f717d8)
 - private 'cMSDaoImpl' 'Lcom/pennant/cms/dao/impl/CMSDaoImpl;' @16  a 'com/pennant/cms/dao/impl/CMSDaoImpl$$SpringCGLIB$$0'{0x0000000086f6f9c8} (86f6f9c8)
RCX=0x000000ee024fd7b0 is pointing into the stack for thread: 0x0000029e1f47d610
RDX=0x0000000000000002 is an unknown value
RSP=0x000000ee024fd7a8 is pointing into the stack for thread: 0x0000029e1f47d610
RBP=0x000000ee024fd7f8 is pointing into the stack for thread: 0x0000029e1f47d610
RSI=0x0000029e1fc9cf78 points into unknown readable memory: 0x80001a001147f1c4 | c4 f1 47 11 00 1a 00 80
RDI=0x0000029e1d4e64a0 points into unknown readable memory: 0x0000001800000060 | 60 00 00 00 18 00 00 00
R8 =0x0000000000000004 is an unknown value
R9 =0x0000000000000004 is an unknown value
R10=0x0000000800737472 is pointing into metadata
R11=0x0000000086f6f9c8 is an oop: com.pennant.cms.dao.impl.CMSDaoImpl$$SpringCGLIB$$0 
{0x0000000086f6f9c8} - klass: 'com/pennant/cms/dao/impl/CMSDaoImpl$$SpringCGLIB$$0'
 - ---- fields (total size 6 words):
 - private final 'jdbcTemplate' 'Lorg/springframework/jdbc/core/namedparam/NamedParameterJdbcTemplate;' @12  NULL (0)
 - private 'CGLIB$BOUND' 'Z' @16  false
 - private 'CGLIB$CALLBACK_0' 'Lorg/springframework/cglib/proxy/MethodInterceptor;' @20  a 'org/springframework/aop/framework/CglibAopProxy$DynamicAdvisedInterceptor'{0x0000000086f6f9f8} (86f6f9f8)
 - private 'CGLIB$CALLBACK_1' 'Lorg/springframework/cglib/proxy/MethodInterceptor;' @24  a 'org/springframework/aop/framework/CglibAopProxy$StaticUnadvisedInterceptor'{0x0000000086f70d28} (86f70d28)
 - private 'CGLIB$CALLBACK_2' 'Lorg/springframework/cglib/proxy/NoOp;' @28  a 'org/springframework/aop/framework/CglibAopProxy$SerializableNoOp'{0x0000000086f70d38} (86f70d38)
 - private 'CGLIB$CALLBACK_3' 'Lorg/springframework/cglib/proxy/Dispatcher;' @32  a 'org/springframework/aop/framework/CglibAopProxy$StaticDispatcher'{0x0000000086f70d48} (86f70d48)
 - private 'CGLIB$CALLBACK_4' 'Lorg/springframework/cglib/proxy/Dispatcher;' @36  a 'org/springframework/aop/framework/CglibAopProxy$AdvisedDispatcher'{0x0000000086f70d58} (86f70d58)
 - private 'CGLIB$CALLBACK_5' 'Lorg/springframework/cglib/proxy/MethodInterceptor;' @40  a 'org/springframework/aop/framework/CglibAopProxy$EqualsInterceptor'{0x0000000086f70d68} (86f70d68)
 - private 'CGLIB$CALLBACK_6' 'Lorg/springframework/cglib/proxy/MethodInterceptor;' @44  a 'org/springframework/aop/framework/CglibAopProxy$HashCodeInterceptor'{0x0000000086f70d78} (86f70d78)
R12=0x0 is NULL
R13=0x000000ee024fd7a8 is pointing into the stack for thread: 0x0000029e1f47d610
R14=0x000000ee024fd818 is pointing into the stack for thread: 0x0000029e1f47d610
R15=0x0000029e1f47d610 is a thread


Top of Stack: (sp=0x000000ee024fd7a8)
0x000000ee024fd7a8:   0000029e0754c61a 000000ee024fd7b0
0x000000ee024fd7b8:   0000000800737472 000000ee024fd818
0x000000ee024fd7c8:   00000008000d55c8 0000029e19135a50
0x000000ee024fd7d8:   0000000083951ad8 00000008000d8108
0x000000ee024fd7e8:   000000ee024fd7a8 000000ee024fd820
0x000000ee024fd7f8:   000000ee024fdb68 0000029e004fbdf6
0x000000ee024fd808:   000000008c4330d0 0000000086f722d0
0x000000ee024fd818:   000000008c433220 000000008c433418
0x000000ee024fd828:   0000000000000000 000000ee024fdb68
0x000000ee024fd838:   0000029e002aeba4 000000008c4333f0
0x000000ee024fd848:   0000000086f722d0 000000008c4333a0
0x000000ee024fd858:   000000008c433220 0000000086f722d0
0x000000ee024fd868:   0000029e004fbc84 000000ee024fdb68
0x000000ee024fd878:   0000029e00728026 000000ee024fd918
0x000000ee024fd888:   0000029e1b67c710 0000029e1f47d610
0x000000ee024fd898:   0000029e1f47d610 000000ee024fd918 

Instructions: (pc=0x0000029e0759bb84)
0x0000029e0759ba84:   00 00 00 00 01 00 00 00 00 00 00 00 b0 3a f7 6c
0x0000029e0759ba94:   fe 7f 00 00 00 00 00 00 f0 10 00 00 68 00 00 00
0x0000029e0759baa4:   ff ff ff ff f0 10 00 00 00 00 00 00 00 bb 59 07
0x0000029e0759bab4:   9e 02 00 00 80 cb 59 07 9e 02 00 00 00 bb 59 07
0x0000029e0759bac4:   9e 02 00 00 80 cb 59 07 9e 02 00 00 f8 ba 59 07
0x0000029e0759bad4:   9e 02 00 00 f8 ba 59 07 9e 02 00 00 00 00 00 00
0x0000029e0759bae4:   00 00 00 00 00 00 00 00 00 00 00 00 68 3b f7 6c
0x0000029e0759baf4:   fe 7f 00 00 00 00 00 00 00 00 00 00 f4 66 66 66
0x0000029e0759bb04:   0f 1f 84 00 00 00 00 00 66 66 66 90 66 66 66 0f
0x0000029e0759bb14:   1f 84 00 00 00 00 00 66 66 66 90 90 48 8b 53 08
0x0000029e0759bb24:   0f b7 52 2c 48 8b 0c d4 8b 59 14 8b 5b 28 8b 5b
0x0000029e0759bb34:   24 48 8b 5b 10 48 85 db 0f 84 10 00 00 00 41 80
0x0000029e0759bb44:   bf f8 04 00 00 00 74 03 ff 63 38 ff 63 50 e9 a9
0x0000029e0759bb54:   f6 ff ff 66 0f 1f 84 00 00 00 00 00 48 8b 53 08
0x0000029e0759bb64:   0f b7 52 2c 48 8b 0c d4 58 5b 50 44 8b 51 08 49
0x0000029e0759bb74:   bb 00 00 00 00 08 00 00 00 4d 03 d3 4c 8b 5b 10
0x0000029e0759bb84:   4b 8b 9c da b8 01 00 00 48 85 db 0f 84 10 00 00
0x0000029e0759bb94:   00 41 80 bf f8 04 00 00 00 74 03 ff 63 38 ff 63
0x0000029e0759bba4:   50 e9 56 f6 ff ff 66 66 66 0f 1f 84 00 00 00 00
0x0000029e0759bbb4:   00 66 66 66 90 0f 1f 80 00 00 00 00 58 5b 50 8b
0x0000029e0759bbc4:   5b 24 48 8b 5b 10 48 85 db 0f 84 10 00 00 00 41
0x0000029e0759bbd4:   80 bf f8 04 00 00 00 74 03 ff 63 38 ff 63 50 e9
0x0000029e0759bbe4:   18 f6 ff ff 66 66 66 0f 1f 84 00 00 00 00 00 66
0x0000029e0759bbf4:   66 66 90 66 0f 1f 84 00 00 00 00 00 48 8b 53 08
0x0000029e0759bc04:   0f b7 52 2c 48 8b 0c d4 58 5b 50 48 3b 01 8b 5b
0x0000029e0759bc14:   24 48 8b 5b 10 48 85 db 0f 84 10 00 00 00 41 80
0x0000029e0759bc24:   bf f8 04 00 00 00 74 03 ff 63 38 ff 63 50 e9 c9
0x0000029e0759bc34:   f5 ff ff 66 0f 1f 84 00 00 00 00 00 48 8b 53 08
0x0000029e0759bc44:   0f b7 52 2c 48 8b 0c d4 58 5b 50 44 8b 51 08 49
0x0000029e0759bc54:   bb 00 00 00 00 08 00 00 00 4d 03 d3 8b 43 18 48
0x0000029e0759bc64:   8b 40 10 48 8b 5b 10 45 8b 9a a0 00 00 00 4f 8d
0x0000029e0759bc74:   9c da b8 01 00 00 4d 8d 14 da 49 8b 1b 48 3b c3 


Stack slot to memory mapping:
stack at sp + 0 slots: 0x0000029e0754c61a is at code_begin+4634 in an Interpreter codelet
return entry points  [0x0000029e0754b400, 0x0000029e0754d4d0]  8400 bytes
stack at sp + 1 slots: 0x000000ee024fd7b0 is pointing into the stack for thread: 0x0000029e1f47d610
stack at sp + 2 slots: 0x0000000800737472 is pointing into metadata
stack at sp + 3 slots: 0x000000ee024fd818 is pointing into the stack for thread: 0x0000029e1f47d610
stack at sp + 4 slots: 0x00000008000d55c8 is pointing into metadata
stack at sp + 5 slots: 0x0000029e19135a50 is pointing into metadata
stack at sp + 6 slots: 0x0000000083951ad8 is an oop: java.lang.Class 
{0x0000000083951ad8} - klass: 'java/lang/Class'
 - ---- fields (total size 14 words):
 - private volatile transient 'classRedefinedCount' 'I' @12  0
 - abstract internal 'klass' 'J' @16  34360611240 (d51a8 8)
 - abstract internal 'array_klass' 'J' @24  0 (0 0)
 - abstract internal 'oop_size' 'I' @32  14 (e)
 - abstract internal 'static_oop_field_count' 'I' @36  0
 - private volatile transient 'cachedConstructor' 'Ljava/lang/reflect/Constructor;' @40  NULL (0)
 - private transient 'name' 'Ljava/lang/String;' @44  NULL (0)
 - private transient 'module' 'Ljava/lang/Module;' @48  a 'java/lang/Module'{0x0000000083981120} (83981120)
 - private final 'classLoader' 'Ljava/lang/ClassLoader;' @52  NULL (0)
 - private transient 'classData' 'Ljava/lang/Object;' @56  NULL (0)
 - private transient 'packageName' 'Ljava/lang/String;' @60  NULL (0)
 - private final 'componentType' 'Ljava/lang/Class;' @64  NULL (0)
 - private volatile transient 'reflectionData' 'Ljava/lang/ref/SoftReference;' @68  NULL (0)
 - private volatile transient 'genericInfo' 'Lsun/reflect/generics/repository/ClassRepository;' @72  NULL (0)
 - private volatile transient 'enumConstants' '[Ljava/lang/Object;' @76  NULL (0)
 - private volatile transient 'enumConstantDirectory' 'Ljava/util/Map;' @80  NULL (0)
 - private volatile transient 'annotationData' 'Ljava/lang/Class$AnnotationData;' @84  NULL (0)
 - private volatile transient 'annotationType' 'Lsun/reflect/annotation/AnnotationType;' @88  NULL (0)
 - transient 'classValueMap' 'Ljava/lang/ClassValue$ClassValueMap;' @92  NULL (0)
 - abstract internal 'protection_domain' 'Ljava/lang/Object;' @96  NULL (0)
 - abstract internal 'signers_name' 'Ljava/lang/Object;' @100  NULL (0)
 - abstract internal 'source_file' 'Ljava/lang/Object;' @104  NULL (0)
 - signature: Ljava/lang/invoke/DirectMethodHandle$Holder;
 - ---- static fields (0):
stack at sp + 7 slots: {method} {0x00000008000d8110} 'invokeVirtual' '(Ljava/lang/Object;Ljava/lang/Object;)Ljava/lang/Object;' in 'java/lang/invoke/DirectMethodHandle$Holder'

MethodHandle::interpreter_entry::_linkToVirtual [0x0000029e0759bb57, 0x0000029e0759bbaa] (83 bytes)
[MachCode]
  0x0000029e0759bb57: 660f 1f84 | 0000 0000 | 0048 8b53 | 080f b752 | 2c48 8b0c | d458 5b50 | 448b 5108 | 49bb 0000 
  0x0000029e0759bb77: 0000 0800 | 0000 4d03 | d34c 8b5b | 104b 8b9c | dab8 0100 | 0048 85db | 0f84 1000 | 0000 4180 
  0x0000029e0759bb97: bff8 0400 | 0000 7403 | ff63 38ff | 6350 e956 | 
[/MachCode]

---------------  P R O C E S S  ---------------

Threads class SMR info:
_java_thread_list=0x0000029e1f8b1910, length=32, elements={
0x0000029e1634f170, 0x0000029e1634ff60, 0x0000029e16350d50, 0x0000029e16354c00,
0x0000029e16357640, 0x0000029e1635af90, 0x0000029e1635d670, 0x0000029e1635dfe0,
0x0000029e16373bc0, 0x0000029e16321330, 0x0000029e1a74f290, 0x0000029e1a6786d0,
0x0000029e1a684c20, 0x0000029e1aefe5d0, 0x0000029e1f958710, 0x0000029e1cacbe00,
0x0000029e1fec51c0, 0x0000029e1faceaf0, 0x0000029e1f47fb40, 0x0000029e1f47db60,
0x0000029e1f4805e0, 0x0000029e1f47eb50, 0x0000029e1f47d0c0, 0x0000029e1f47f0a0,
0x0000029e1f47f5f0, 0x0000029e1f47d610, 0x0000029e1f47e600, 0x0000029e20b8fd20,
0x0000029e20b91d00, 0x0000029e20b927a0, 0x0000029e20b93790, 0x0000029e20b95220
}

Java Threads: ( => current thread )
  0x0000029e1634f170 JavaThread "Reference Handler" daemon [_thread_blocked, id=20716, stack(0x000000ee7fe00000,0x000000ee7ff00000)]
  0x0000029e1634ff60 JavaThread "Finalizer" daemon [_thread_blocked, id=5744, stack(0x000000ee7ff00000,0x000000ee80000000)]
  0x0000029e16350d50 JavaThread "Signal Dispatcher" daemon [_thread_blocked, id=8468, stack(0x000000ee00000000,0x000000ee00100000)]
  0x0000029e16354c00 JavaThread "Attach Listener" daemon [_thread_blocked, id=7968, stack(0x000000ee00100000,0x000000ee00200000)]
  0x0000029e16357640 JavaThread "Service Thread" daemon [_thread_blocked, id=9536, stack(0x000000ee00200000,0x000000ee00300000)]
  0x0000029e1635af90 JavaThread "Monitor Deflation Thread" daemon [_thread_blocked, id=5336, stack(0x000000ee00300000,0x000000ee00400000)]
  0x0000029e1635d670 JavaThread "C2 CompilerThread0" daemon [_thread_blocked, id=14624, stack(0x000000ee00400000,0x000000ee00500000)]
  0x0000029e1635dfe0 JavaThread "C1 CompilerThread0" daemon [_thread_blocked, id=17740, stack(0x000000ee00500000,0x000000ee00600000)]
  0x0000029e16373bc0 JavaThread "Sweeper thread" daemon [_thread_blocked, id=19416, stack(0x000000ee00600000,0x000000ee00700000)]
  0x0000029e16321330 JavaThread "Common-Cleaner" daemon [_thread_blocked, id=18248, stack(0x000000ee00700000,0x000000ee00800000)]
  0x0000029e1a74f290 JavaThread "JDWP Transport Listener: dt_socket" daemon [_thread_blocked, id=14076, stack(0x000000ee00800000,0x000000ee00900000)]
  0x0000029e1a6786d0 JavaThread "JDWP Event Helper Thread" daemon [_thread_blocked, id=3940, stack(0x000000ee00900000,0x000000ee00a00000)]
  0x0000029e1a684c20 JavaThread "JDWP Command Reader" daemon [_thread_in_native, id=14860, stack(0x000000ee00a00000,0x000000ee00b00000)]
  0x0000029e1aefe5d0 JavaThread "Notification Thread" daemon [_thread_blocked, id=20168, stack(0x000000ee00c00000,0x000000ee00d00000)]
  0x0000029e1f958710 JavaThread "Catalina-utility-1" [_thread_blocked, id=16220, stack(0x000000ee01700000,0x000000ee01800000)]
  0x0000029e1cacbe00 JavaThread "Catalina-utility-2" [_thread_blocked, id=13820, stack(0x000000ee01800000,0x000000ee01900000)]
  0x0000029e1fec51c0 JavaThread "container-0" [_thread_blocked, id=1496, stack(0x000000ee01900000,0x000000ee01a00000)]
  0x0000029e1faceaf0 JavaThread "PostgreSQL-JDBC-Cleaner" daemon [_thread_blocked, id=21824, stack(0x000000ee01b00000,0x000000ee01c00000)]
  0x0000029e1f47fb40 JavaThread "HikariPool-1 housekeeper" daemon [_thread_blocked, id=14024, stack(0x000000ee01c00000,0x000000ee01d00000)]
  0x0000029e1f47db60 JavaThread "http-nio-8085-exec-1" daemon [_thread_blocked, id=2584, stack(0x000000ee01e00000,0x000000ee01f00000)]
  0x0000029e1f4805e0 JavaThread "http-nio-8085-exec-2" daemon [_thread_blocked, id=19212, stack(0x000000ee01f00000,0x000000ee02000000)]
  0x0000029e1f47eb50 JavaThread "http-nio-8085-exec-3" daemon [_thread_blocked, id=16328, stack(0x000000ee02000000,0x000000ee02100000)]
  0x0000029e1f47d0c0 JavaThread "http-nio-8085-exec-4" daemon [_thread_blocked, id=6336, stack(0x000000ee02100000,0x000000ee02200000)]
  0x0000029e1f47f0a0 JavaThread "http-nio-8085-exec-5" daemon [_thread_blocked, id=17392, stack(0x000000ee02200000,0x000000ee02300000)]
  0x0000029e1f47f5f0 JavaThread "http-nio-8085-exec-6" daemon [_thread_blocked, id=16984, stack(0x000000ee02300000,0x000000ee02400000)]
=>0x0000029e1f47d610 JavaThread "http-nio-8085-exec-7" daemon [_thread_in_Java, id=6356, stack(0x000000ee02400000,0x000000ee02500000)]
  0x0000029e1f47e600 JavaThread "http-nio-8085-exec-8" daemon [_thread_blocked, id=3028, stack(0x000000ee02500000,0x000000ee02600000)]
  0x0000029e20b8fd20 JavaThread "http-nio-8085-exec-9" daemon [_thread_blocked, id=11460, stack(0x000000ee02600000,0x000000ee02700000)]
  0x0000029e20b91d00 JavaThread "http-nio-8085-exec-10" daemon [_thread_blocked, id=16288, stack(0x000000ee02700000,0x000000ee02800000)]
  0x0000029e20b927a0 JavaThread "http-nio-8085-Poller" daemon [_thread_in_native, id=10160, stack(0x000000ee02800000,0x000000ee02900000)]
  0x0000029e20b93790 JavaThread "http-nio-8085-Acceptor" daemon [_thread_in_native, id=708, stack(0x000000ee02900000,0x000000ee02a00000)]
  0x0000029e20b95220 JavaThread "DestroyJavaVM" [_thread_blocked, id=21008, stack(0x000000ee7f700000,0x000000ee7f800000)]

Other Threads:
  0x0000029e16337070 VMThread "VM Thread" [stack: 0x000000ee7fd00000,0x000000ee7fe00000] [id=17960]
  0x0000029e1ae56eb0 WatcherThread "VM Periodic Task Thread" [stack: 0x000000ee00d00000,0x000000ee00e00000] [id=10880]
  0x0000029e77c714f0 WorkerThread "GC Thread#0" [stack: 0x000000ee7f800000,0x000000ee7f900000] [id=10528]
  0x0000029e1b4307c0 WorkerThread "GC Thread#1" [stack: 0x000000ee00e00000,0x000000ee00f00000] [id=18220]
  0x0000029e1b13ff70 WorkerThread "GC Thread#2" [stack: 0x000000ee00f00000,0x000000ee01000000] [id=7988]
  0x0000029e1b20f230 WorkerThread "GC Thread#3" [stack: 0x000000ee01000000,0x000000ee01100000] [id=11748]
  0x0000029e1b26f5b0 WorkerThread "GC Thread#4" [stack: 0x000000ee01100000,0x000000ee01200000] [id=8108]
  0x0000029e1b1e0490 WorkerThread "GC Thread#5" [stack: 0x000000ee01200000,0x000000ee01300000] [id=19344]
  0x0000029e1b1e0760 WorkerThread "GC Thread#6" [stack: 0x000000ee01300000,0x000000ee01400000] [id=8324]
  0x0000029e1b5d8320 WorkerThread "GC Thread#7" [stack: 0x000000ee01400000,0x000000ee01500000] [id=19984]
  0x0000029e77c81e40 ConcurrentGCThread "G1 Main Marker" [stack: 0x000000ee7f900000,0x000000ee7fa00000] [id=14512]
  0x0000029e77c83010 WorkerThread "G1 Conc#0" [stack: 0x000000ee7fa00000,0x000000ee7fb00000] [id=10452]
  0x0000029e1b5d85f0 WorkerThread "G1 Conc#1" [stack: 0x000000ee01600000,0x000000ee01700000] [id=1728]
  0x0000029e161ea120 ConcurrentGCThread "G1 Refine#0" [stack: 0x000000ee7fb00000,0x000000ee7fc00000] [id=10656]
  0x0000029e161eab70 ConcurrentGCThread "G1 Service" [stack: 0x000000ee7fc00000,0x000000ee7fd00000] [id=18904]

Threads with active compile tasks:

VM state: not at safepoint (normal execution)

VM Mutex/Monitor currently owned by a thread: None

Heap address: 0x0000000083600000, size: 1994 MB, Compressed Oops mode: 32-bit

CDS archive(s) mapped at: [0x0000000800000000-0x0000000800c40000-0x0000000800c40000), size 12845056, SharedBaseAddress: 0x0000000800000000, ArchiveRelocationMode: 0.
Compressed class space mapped at: 0x0000000801000000-0x0000000841000000, reserved size: 1073741824
Narrow klass base: 0x0000000800000000, Narrow klass shift: 0, Narrow klass range: 0x100000000

GC Precious Log:
 CardTable entry size: 512
 Card Set container configuration: InlinePtr #cards 5 size 8 Array Of Cards #cards 12 size 40 Howl #buckets 4 coarsen threshold 1843 Howl Bitmap #cards 512 size 80 coarsen threshold 460 Card regions per heap region 1 cards per card region 2048
 CPUs: 8 total, 8 available
 Memory: 7975M
 Large Page Support: Disabled
 NUMA Support: Disabled
 Compressed Oops: Enabled (32-bit)
 Heap Region Size: 1M
 Heap Min Capacity: 8M
 Heap Initial Capacity: 126M
 Heap Max Capacity: 1994M
 Pre-touch: Disabled
 Parallel Workers: 8
 Concurrent Workers: 2
 Concurrent Refinement Workers: 8
 Periodic GC: Disabled

Heap:
 garbage-first heap   total 155648K, used 51203K [0x0000000083600000, 0x0000000100000000)
  region size 1024K, 35 young (35840K), 5 survivors (5120K)
 Metaspace       used 53836K, committed 54528K, reserved 1114112K
  class space    used 6640K, committed 6976K, reserved 1048576K

Heap Regions: E=young(eden), S=young(survivor), O=old, HS=humongous(starts), HC=humongous(continues), CS=collection set, F=free, OA=open archive, CA=closed archive, TAMS=top-at-mark-start (previous, next)
|   0|0x0000000083600000, 0x0000000083700000, 0x0000000083700000|100%|HS|  |TAMS 0x0000000083700000, 0x0000000083600000| Complete 
|   1|0x0000000083700000, 0x0000000083800000, 0x0000000083800000|100%| O|  |TAMS 0x0000000083800000, 0x0000000083700000| Untracked 
|   2|0x0000000083800000, 0x0000000083900000, 0x0000000083900000|100%| O|  |TAMS 0x0000000083900000, 0x0000000083800000| Untracked 
|   3|0x0000000083900000, 0x0000000083a00000, 0x0000000083a00000|100%| O|  |TAMS 0x0000000083a00000, 0x0000000083900000| Untracked 
|   4|0x0000000083a00000, 0x0000000083b00000, 0x0000000083b00000|100%| O|  |TAMS 0x0000000083b00000, 0x0000000083a00000| Untracked 
|   5|0x0000000083b00000, 0x0000000083c00000, 0x0000000083c00000|100%| O|  |TAMS 0x0000000083c00000, 0x0000000083b00000| Untracked 
|   6|0x0000000083c00000, 0x0000000083d00000, 0x0000000083d00000|100%| O|  |TAMS 0x0000000083d00000, 0x0000000083c00000| Untracked 
|   7|0x0000000083d00000, 0x0000000083e00000, 0x0000000083e00000|100%| O|  |TAMS 0x0000000083e00000, 0x0000000083d00000| Untracked 
|   8|0x0000000083e00000, 0x0000000083f00000, 0x0000000083f00000|100%| O|  |TAMS 0x0000000083f00000, 0x0000000083e00000| Untracked 
|   9|0x0000000083f00000, 0x0000000084000000, 0x0000000084000000|100%| O|  |TAMS 0x0000000084000000, 0x0000000083f00000| Untracked 
|  10|0x0000000084000000, 0x0000000084100000, 0x0000000084100000|100%| O|  |TAMS 0x0000000084100000, 0x0000000084000000| Untracked 
|  11|0x0000000084100000, 0x0000000084200000, 0x0000000084200000|100%| O|  |TAMS 0x0000000084200000, 0x0000000084100000| Untracked 
|  12|0x0000000084200000, 0x0000000084300000, 0x0000000084300000|100%| O|  |TAMS 0x0000000084300000, 0x0000000084200000| Untracked 
|  13|0x0000000084300000, 0x0000000084300000, 0x0000000084400000|  0%| F|  |TAMS 0x0000000084300000, 0x0000000084300000| Untracked 
|  14|0x0000000084400000, 0x0000000084500000, 0x0000000084500000|100%| O|  |TAMS 0x00000000844fa800, 0x0000000084400000| Untracked 
|  15|0x0000000084500000, 0x0000000084600000, 0x0000000084600000|100%| O|  |TAMS 0x0000000084500000, 0x0000000084500000| Untracked 
|  16|0x0000000084600000, 0x0000000084700000, 0x0000000084700000|100%| O|  |TAMS 0x0000000084600000, 0x0000000084600000| Untracked 
|  17|0x0000000084700000, 0x0000000084800000, 0x0000000084800000|100%| O|  |TAMS 0x0000000084700000, 0x0000000084700000| Untracked 
|  18|0x0000000084800000, 0x0000000084870a00, 0x0000000084900000| 43%| O|  |TAMS 0x0000000084800000, 0x0000000084800000| Untracked 
|  19|0x0000000084900000, 0x0000000084900000, 0x0000000084a00000|  0%| F|  |TAMS 0x0000000084900000, 0x0000000084900000| Untracked 
|  20|0x0000000084a00000, 0x0000000084a00000, 0x0000000084b00000|  0%| F|  |TAMS 0x0000000084a00000, 0x0000000084a00000| Untracked 
|  21|0x0000000084b00000, 0x0000000084b00000, 0x0000000084c00000|  0%| F|  |TAMS 0x0000000084b00000, 0x0000000084b00000| Untracked 
|  22|0x0000000084c00000, 0x0000000084c00000, 0x0000000084d00000|  0%| F|  |TAMS 0x0000000084c00000, 0x0000000084c00000| Untracked 
|  23|0x0000000084d00000, 0x0000000084d00000, 0x0000000084e00000|  0%| F|  |TAMS 0x0000000084d00000, 0x0000000084d00000| Untracked 
|  24|0x0000000084e00000, 0x0000000084e00000, 0x0000000084f00000|  0%| F|  |TAMS 0x0000000084e00000, 0x0000000084e00000| Untracked 
|  25|0x0000000084f00000, 0x0000000084f00000, 0x0000000085000000|  0%| F|  |TAMS 0x0000000084f00000, 0x0000000084f00000| Untracked 
|  26|0x0000000085000000, 0x0000000085000000, 0x0000000085100000|  0%| F|  |TAMS 0x0000000085000000, 0x0000000085000000| Untracked 
|  27|0x0000000085100000, 0x0000000085100000, 0x0000000085200000|  0%| F|  |TAMS 0x0000000085100000, 0x0000000085100000| Untracked 
|  28|0x0000000085200000, 0x0000000085200000, 0x0000000085300000|  0%| F|  |TAMS 0x0000000085200000, 0x0000000085200000| Untracked 
|  29|0x0000000085300000, 0x0000000085300000, 0x0000000085400000|  0%| F|  |TAMS 0x0000000085300000, 0x0000000085300000| Untracked 
|  30|0x0000000085400000, 0x0000000085400000, 0x0000000085500000|  0%| F|  |TAMS 0x0000000085400000, 0x0000000085400000| Untracked 
|  31|0x0000000085500000, 0x0000000085500000, 0x0000000085600000|  0%| F|  |TAMS 0x0000000085500000, 0x0000000085500000| Untracked 
|  32|0x0000000085600000, 0x0000000085600000, 0x0000000085700000|  0%| F|  |TAMS 0x0000000085600000, 0x0000000085600000| Untracked 
|  33|0x0000000085700000, 0x0000000085700000, 0x0000000085800000|  0%| F|  |TAMS 0x0000000085700000, 0x0000000085700000| Untracked 
|  34|0x0000000085800000, 0x0000000085800000, 0x0000000085900000|  0%| F|  |TAMS 0x0000000085800000, 0x0000000085800000| Untracked 
|  35|0x0000000085900000, 0x0000000085900000, 0x0000000085a00000|  0%| F|  |TAMS 0x0000000085900000, 0x0000000085900000| Untracked 
|  36|0x0000000085a00000, 0x0000000085a00000, 0x0000000085b00000|  0%| F|  |TAMS 0x0000000085a00000, 0x0000000085a00000| Untracked 
|  37|0x0000000085b00000, 0x0000000085b00000, 0x0000000085c00000|  0%| F|  |TAMS 0x0000000085b00000, 0x0000000085b00000| Untracked 
|  38|0x0000000085c00000, 0x0000000085c00000, 0x0000000085d00000|  0%| F|  |TAMS 0x0000000085c00000, 0x0000000085c00000| Untracked 
|  39|0x0000000085d00000, 0x0000000085d00000, 0x0000000085e00000|  0%| F|  |TAMS 0x0000000085d00000, 0x0000000085d00000| Untracked 
|  40|0x0000000085e00000, 0x0000000085e00000, 0x0000000085f00000|  0%| F|  |TAMS 0x0000000085e00000, 0x0000000085e00000| Untracked 
|  41|0x0000000085f00000, 0x0000000085f00000, 0x0000000086000000|  0%| F|  |TAMS 0x0000000085f00000, 0x0000000085f00000| Untracked 
|  42|0x0000000086000000, 0x0000000086000000, 0x0000000086100000|  0%| F|  |TAMS 0x0000000086000000, 0x0000000086000000| Untracked 
|  43|0x0000000086100000, 0x0000000086100000, 0x0000000086200000|  0%| F|  |TAMS 0x0000000086100000, 0x0000000086100000| Untracked 
|  44|0x0000000086200000, 0x0000000086200000, 0x0000000086300000|  0%| F|  |TAMS 0x0000000086200000, 0x0000000086200000| Untracked 
|  45|0x0000000086300000, 0x0000000086300000, 0x0000000086400000|  0%| F|  |TAMS 0x0000000086300000, 0x0000000086300000| Untracked 
|  46|0x0000000086400000, 0x0000000086400000, 0x0000000086500000|  0%| F|  |TAMS 0x0000000086400000, 0x0000000086400000| Untracked 
|  47|0x0000000086500000, 0x0000000086500000, 0x0000000086600000|  0%| F|  |TAMS 0x0000000086500000, 0x0000000086500000| Untracked 
|  48|0x0000000086600000, 0x0000000086600000, 0x0000000086700000|  0%| F|  |TAMS 0x0000000086600000, 0x0000000086600000| Untracked 
|  49|0x0000000086700000, 0x0000000086700000, 0x0000000086800000|  0%| F|  |TAMS 0x0000000086700000, 0x0000000086700000| Untracked 
|  50|0x0000000086800000, 0x0000000086800000, 0x0000000086900000|  0%| F|  |TAMS 0x0000000086800000, 0x0000000086800000| Untracked 
|  51|0x0000000086900000, 0x0000000086900000, 0x0000000086a00000|  0%| F|  |TAMS 0x0000000086900000, 0x0000000086900000| Untracked 
|  52|0x0000000086a00000, 0x0000000086a00000, 0x0000000086b00000|  0%| F|  |TAMS 0x0000000086a00000, 0x0000000086a00000| Untracked 
|  53|0x0000000086b00000, 0x0000000086b00000, 0x0000000086c00000|  0%| F|  |TAMS 0x0000000086b00000, 0x0000000086b00000| Untracked 
|  54|0x0000000086c00000, 0x0000000086c00000, 0x0000000086d00000|  0%| F|  |TAMS 0x0000000086c00000, 0x0000000086c00000| Untracked 
|  55|0x0000000086d00000, 0x0000000086d00000, 0x0000000086e00000|  0%| F|  |TAMS 0x0000000086d00000, 0x0000000086d00000| Untracked 
|  56|0x0000000086e00000, 0x0000000086e00000, 0x0000000086f00000|  0%| F|  |TAMS 0x0000000086e00000, 0x0000000086e00000| Untracked 
|  57|0x0000000086f00000, 0x0000000086f90500, 0x0000000087000000| 56%| S|CS|TAMS 0x0000000086f00000, 0x0000000086f00000| Complete 
|  58|0x0000000087000000, 0x0000000087100000, 0x0000000087100000|100%| S|CS|TAMS 0x0000000087000000, 0x0000000087000000| Complete 
|  59|0x0000000087100000, 0x0000000087200000, 0x0000000087200000|100%| S|CS|TAMS 0x0000000087100000, 0x0000000087100000| Complete 
|  60|0x0000000087200000, 0x0000000087300000, 0x0000000087300000|100%| S|CS|TAMS 0x0000000087200000, 0x0000000087200000| Complete 
|  61|0x0000000087300000, 0x0000000087400000, 0x0000000087400000|100%| S|CS|TAMS 0x0000000087300000, 0x0000000087300000| Complete 
|  62|0x0000000087400000, 0x0000000087400000, 0x0000000087500000|  0%| F|  |TAMS 0x0000000087400000, 0x0000000087400000| Untracked 
|  63|0x0000000087500000, 0x0000000087500000, 0x0000000087600000|  0%| F|  |TAMS 0x0000000087500000, 0x0000000087500000| Untracked 
|  64|0x0000000087600000, 0x0000000087600000, 0x0000000087700000|  0%| F|  |TAMS 0x0000000087600000, 0x0000000087600000| Untracked 
|  65|0x0000000087700000, 0x0000000087700000, 0x0000000087800000|  0%| F|  |TAMS 0x0000000087700000, 0x0000000087700000| Untracked 
|  66|0x0000000087800000, 0x0000000087800000, 0x0000000087900000|  0%| F|  |TAMS 0x0000000087800000, 0x0000000087800000| Untracked 
|  67|0x0000000087900000, 0x0000000087900000, 0x0000000087a00000|  0%| F|  |TAMS 0x0000000087900000, 0x0000000087900000| Untracked 
|  68|0x0000000087a00000, 0x0000000087a00000, 0x0000000087b00000|  0%| F|  |TAMS 0x0000000087a00000, 0x0000000087a00000| Untracked 
|  69|0x0000000087b00000, 0x0000000087b00000, 0x0000000087c00000|  0%| F|  |TAMS 0x0000000087b00000, 0x0000000087b00000| Untracked 
|  70|0x0000000087c00000, 0x0000000087c00000, 0x0000000087d00000|  0%| F|  |TAMS 0x0000000087c00000, 0x0000000087c00000| Untracked 
|  71|0x0000000087d00000, 0x0000000087d00000, 0x0000000087e00000|  0%| F|  |TAMS 0x0000000087d00000, 0x0000000087d00000| Untracked 
|  72|0x0000000087e00000, 0x0000000087e00000, 0x0000000087f00000|  0%| F|  |TAMS 0x0000000087e00000, 0x0000000087e00000| Untracked 
|  73|0x0000000087f00000, 0x0000000087f00000, 0x0000000088000000|  0%| F|  |TAMS 0x0000000087f00000, 0x0000000087f00000| Untracked 
|  74|0x0000000088000000, 0x0000000088000000, 0x0000000088100000|  0%| F|  |TAMS 0x0000000088000000, 0x0000000088000000| Untracked 
|  75|0x0000000088100000, 0x0000000088100000, 0x0000000088200000|  0%| F|  |TAMS 0x0000000088100000, 0x0000000088100000| Untracked 
|  76|0x0000000088200000, 0x0000000088200000, 0x0000000088300000|  0%| F|  |TAMS 0x0000000088200000, 0x0000000088200000| Untracked 
|  77|0x0000000088300000, 0x0000000088300000, 0x0000000088400000|  0%| F|  |TAMS 0x0000000088300000, 0x0000000088300000| Untracked 
|  78|0x0000000088400000, 0x0000000088400000, 0x0000000088500000|  0%| F|  |TAMS 0x0000000088400000, 0x0000000088400000| Untracked 
|  79|0x0000000088500000, 0x0000000088500000, 0x0000000088600000|  0%| F|  |TAMS 0x0000000088500000, 0x0000000088500000| Untracked 
|  80|0x0000000088600000, 0x0000000088600000, 0x0000000088700000|  0%| F|  |TAMS 0x0000000088600000, 0x0000000088600000| Untracked 
|  81|0x0000000088700000, 0x0000000088700000, 0x0000000088800000|  0%| F|  |TAMS 0x0000000088700000, 0x0000000088700000| Untracked 
|  82|0x0000000088800000, 0x0000000088800000, 0x0000000088900000|  0%| F|  |TAMS 0x0000000088800000, 0x0000000088800000| Untracked 
|  83|0x0000000088900000, 0x0000000088900000, 0x0000000088a00000|  0%| F|  |TAMS 0x0000000088900000, 0x0000000088900000| Untracked 
|  84|0x0000000088a00000, 0x0000000088a00000, 0x0000000088b00000|  0%| F|  |TAMS 0x0000000088a00000, 0x0000000088a00000| Untracked 
|  85|0x0000000088b00000, 0x0000000088b00000, 0x0000000088c00000|  0%| F|  |TAMS 0x0000000088b00000, 0x0000000088b00000| Untracked 
|  86|0x0000000088c00000, 0x0000000088c00000, 0x0000000088d00000|  0%| F|  |TAMS 0x0000000088c00000, 0x0000000088c00000| Untracked 
|  87|0x0000000088d00000, 0x0000000088d00000, 0x0000000088e00000|  0%| F|  |TAMS 0x0000000088d00000, 0x0000000088d00000| Untracked 
|  88|0x0000000088e00000, 0x0000000088e00000, 0x0000000088f00000|  0%| F|  |TAMS 0x0000000088e00000, 0x0000000088e00000| Untracked 
|  89|0x0000000088f00000, 0x0000000088f00000, 0x0000000089000000|  0%| F|  |TAMS 0x0000000088f00000, 0x0000000088f00000| Untracked 
|  90|0x0000000089000000, 0x0000000089000000, 0x0000000089100000|  0%| F|  |TAMS 0x0000000089000000, 0x0000000089000000| Untracked 
|  91|0x0000000089100000, 0x0000000089100000, 0x0000000089200000|  0%| F|  |TAMS 0x0000000089100000, 0x0000000089100000| Untracked 
|  92|0x0000000089200000, 0x0000000089200000, 0x0000000089300000|  0%| F|  |TAMS 0x0000000089200000, 0x0000000089200000| Untracked 
|  93|0x0000000089300000, 0x0000000089300000, 0x0000000089400000|  0%| F|  |TAMS 0x0000000089300000, 0x0000000089300000| Untracked 
|  94|0x0000000089400000, 0x0000000089400000, 0x0000000089500000|  0%| F|  |TAMS 0x0000000089400000, 0x0000000089400000| Untracked 
|  95|0x0000000089500000, 0x0000000089500000, 0x0000000089600000|  0%| F|  |TAMS 0x0000000089500000, 0x0000000089500000| Untracked 
|  96|0x0000000089600000, 0x0000000089600000, 0x0000000089700000|  0%| F|  |TAMS 0x0000000089600000, 0x0000000089600000| Untracked 
|  97|0x0000000089700000, 0x0000000089700000, 0x0000000089800000|  0%| F|  |TAMS 0x0000000089700000, 0x0000000089700000| Untracked 
|  98|0x0000000089800000, 0x0000000089800000, 0x0000000089900000|  0%| F|  |TAMS 0x0000000089800000, 0x0000000089800000| Untracked 
|  99|0x0000000089900000, 0x0000000089900000, 0x0000000089a00000|  0%| F|  |TAMS 0x0000000089900000, 0x0000000089900000| Untracked 
| 100|0x0000000089a00000, 0x0000000089a00000, 0x0000000089b00000|  0%| F|  |TAMS 0x0000000089a00000, 0x0000000089a00000| Untracked 
| 101|0x0000000089b00000, 0x0000000089b00000, 0x0000000089c00000|  0%| F|  |TAMS 0x0000000089b00000, 0x0000000089b00000| Untracked 
| 102|0x0000000089c00000, 0x0000000089c00000, 0x0000000089d00000|  0%| F|  |TAMS 0x0000000089c00000, 0x0000000089c00000| Untracked 
| 103|0x0000000089d00000, 0x0000000089d00000, 0x0000000089e00000|  0%| F|  |TAMS 0x0000000089d00000, 0x0000000089d00000| Untracked 
| 104|0x0000000089e00000, 0x0000000089e00000, 0x0000000089f00000|  0%| F|  |TAMS 0x0000000089e00000, 0x0000000089e00000| Untracked 
| 105|0x0000000089f00000, 0x0000000089f00000, 0x000000008a000000|  0%| F|  |TAMS 0x0000000089f00000, 0x0000000089f00000| Untracked 
| 106|0x000000008a000000, 0x000000008a000000, 0x000000008a100000|  0%| F|  |TAMS 0x000000008a000000, 0x000000008a000000| Untracked 
| 107|0x000000008a100000, 0x000000008a100000, 0x000000008a200000|  0%| F|  |TAMS 0x000000008a100000, 0x000000008a100000| Untracked 
| 108|0x000000008a200000, 0x000000008a200000, 0x000000008a300000|  0%| F|  |TAMS 0x000000008a200000, 0x000000008a200000| Untracked 
| 109|0x000000008a300000, 0x000000008a300000, 0x000000008a400000|  0%| F|  |TAMS 0x000000008a300000, 0x000000008a300000| Untracked 
| 110|0x000000008a400000, 0x000000008a400000, 0x000000008a500000|  0%| F|  |TAMS 0x000000008a400000, 0x000000008a400000| Untracked 
| 111|0x000000008a500000, 0x000000008a500000, 0x000000008a600000|  0%| F|  |TAMS 0x000000008a500000, 0x000000008a500000| Untracked 
| 112|0x000000008a600000, 0x000000008a600000, 0x000000008a700000|  0%| F|  |TAMS 0x000000008a600000, 0x000000008a600000| Untracked 
| 113|0x000000008a700000, 0x000000008a700000, 0x000000008a800000|  0%| F|  |TAMS 0x000000008a700000, 0x000000008a700000| Untracked 
| 114|0x000000008a800000, 0x000000008a800000, 0x000000008a900000|  0%| F|  |TAMS 0x000000008a800000, 0x000000008a800000| Untracked 
| 115|0x000000008a900000, 0x000000008a900000, 0x000000008aa00000|  0%| F|  |TAMS 0x000000008a900000, 0x000000008a900000| Untracked 
| 116|0x000000008aa00000, 0x000000008aa00000, 0x000000008ab00000|  0%| F|  |TAMS 0x000000008aa00000, 0x000000008aa00000| Untracked 
| 117|0x000000008ab00000, 0x000000008ab00000, 0x000000008ac00000|  0%| F|  |TAMS 0x000000008ab00000, 0x000000008ab00000| Untracked 
| 118|0x000000008ac00000, 0x000000008ac00000, 0x000000008ad00000|  0%| F|  |TAMS 0x000000008ac00000, 0x000000008ac00000| Untracked 
| 119|0x000000008ad00000, 0x000000008ad00000, 0x000000008ae00000|  0%| F|  |TAMS 0x000000008ad00000, 0x000000008ad00000| Untracked 
| 120|0x000000008ae00000, 0x000000008ae00000, 0x000000008af00000|  0%| F|  |TAMS 0x000000008ae00000, 0x000000008ae00000| Untracked 
| 121|0x000000008af00000, 0x000000008af00000, 0x000000008b000000|  0%| F|  |TAMS 0x000000008af00000, 0x000000008af00000| Untracked 
| 122|0x000000008b000000, 0x000000008b0c2600, 0x000000008b100000| 75%| E|  |TAMS 0x000000008b000000, 0x000000008b000000| Complete 
| 123|0x000000008b100000, 0x000000008b200000, 0x000000008b200000|100%| E|CS|TAMS 0x000000008b100000, 0x000000008b100000| Complete 
| 124|0x000000008b200000, 0x000000008b300000, 0x000000008b300000|100%| E|CS|TAMS 0x000000008b200000, 0x000000008b200000| Complete 
| 125|0x000000008b300000, 0x000000008b400000, 0x000000008b400000|100%| E|CS|TAMS 0x000000008b300000, 0x000000008b300000| Complete 
| 126|0x000000008b400000, 0x000000008b500000, 0x000000008b500000|100%| E|CS|TAMS 0x000000008b400000, 0x000000008b400000| Complete 
| 127|0x000000008b500000, 0x000000008b600000, 0x000000008b600000|100%| E|CS|TAMS 0x000000008b500000, 0x000000008b500000| Complete 
| 128|0x000000008b600000, 0x000000008b700000, 0x000000008b700000|100%| E|CS|TAMS 0x000000008b600000, 0x000000008b600000| Complete 
| 129|0x000000008b700000, 0x000000008b800000, 0x000000008b800000|100%| E|CS|TAMS 0x000000008b700000, 0x000000008b700000| Complete 
| 130|0x000000008b800000, 0x000000008b900000, 0x000000008b900000|100%| E|CS|TAMS 0x000000008b800000, 0x000000008b800000| Complete 
| 131|0x000000008b900000, 0x000000008ba00000, 0x000000008ba00000|100%| E|CS|TAMS 0x000000008b900000, 0x000000008b900000| Complete 
| 132|0x000000008ba00000, 0x000000008bb00000, 0x000000008bb00000|100%| E|CS|TAMS 0x000000008ba00000, 0x000000008ba00000| Complete 
| 133|0x000000008bb00000, 0x000000008bc00000, 0x000000008bc00000|100%| E|CS|TAMS 0x000000008bb00000, 0x000000008bb00000| Complete 
| 134|0x000000008bc00000, 0x000000008bd00000, 0x000000008bd00000|100%| E|CS|TAMS 0x000000008bc00000, 0x000000008bc00000| Complete 
| 135|0x000000008bd00000, 0x000000008be00000, 0x000000008be00000|100%| E|CS|TAMS 0x000000008bd00000, 0x000000008bd00000| Complete 
| 136|0x000000008be00000, 0x000000008bf00000, 0x000000008bf00000|100%| E|CS|TAMS 0x000000008be00000, 0x000000008be00000| Complete 
| 137|0x000000008bf00000, 0x000000008c000000, 0x000000008c000000|100%| E|CS|TAMS 0x000000008bf00000, 0x000000008bf00000| Complete 
| 138|0x000000008c000000, 0x000000008c100000, 0x000000008c100000|100%| E|CS|TAMS 0x000000008c000000, 0x000000008c000000| Complete 
| 139|0x000000008c100000, 0x000000008c200000, 0x000000008c200000|100%| E|CS|TAMS 0x000000008c100000, 0x000000008c100000| Complete 
| 140|0x000000008c200000, 0x000000008c300000, 0x000000008c300000|100%| E|CS|TAMS 0x000000008c200000, 0x000000008c200000| Complete 
| 141|0x000000008c300000, 0x000000008c400000, 0x000000008c400000|100%| E|CS|TAMS 0x000000008c300000, 0x000000008c300000| Complete 
| 142|0x000000008c400000, 0x000000008c500000, 0x000000008c500000|100%| E|CS|TAMS 0x000000008c400000, 0x000000008c400000| Complete 
| 143|0x000000008c500000, 0x000000008c600000, 0x000000008c600000|100%| E|CS|TAMS 0x000000008c500000, 0x000000008c500000| Complete 
| 144|0x000000008c600000, 0x000000008c700000, 0x000000008c700000|100%| E|CS|TAMS 0x000000008c600000, 0x000000008c600000| Complete 
| 145|0x000000008c700000, 0x000000008c800000, 0x000000008c800000|100%| E|CS|TAMS 0x000000008c700000, 0x000000008c700000| Complete 
| 146|0x000000008c800000, 0x000000008c900000, 0x000000008c900000|100%| E|CS|TAMS 0x000000008c800000, 0x000000008c800000| Complete 
| 147|0x000000008c900000, 0x000000008ca00000, 0x000000008ca00000|100%| E|CS|TAMS 0x000000008c900000, 0x000000008c900000| Complete 
| 148|0x000000008ca00000, 0x000000008cb00000, 0x000000008cb00000|100%| E|CS|TAMS 0x000000008ca00000, 0x000000008ca00000| Complete 
| 149|0x000000008cb00000, 0x000000008cc00000, 0x000000008cc00000|100%| E|  |TAMS 0x000000008cb00000, 0x000000008cb00000| Complete 
| 150|0x000000008cc00000, 0x000000008cd00000, 0x000000008cd00000|100%| E|CS|TAMS 0x000000008cc00000, 0x000000008cc00000| Complete 
| 151|0x000000008cd00000, 0x000000008ce00000, 0x000000008ce00000|100%| E|CS|TAMS 0x000000008cd00000, 0x000000008cd00000| Complete 

Card table byte_map: [0x0000029e0f3f0000,0x0000029e0f7e0000] _byte_map_base: 0x0000029e0efd5000

Marking Bits (Prev, Next): (CMBitMap*) 0x0000029e77c71a30, (CMBitMap*) 0x0000029e77c71a70
 Prev Bits: [0x0000029e0fbd0000, 0x0000029e11af8000)
 Next Bits: [0x0000029e11b00000, 0x0000029e13a28000)

Polling page: 0x0000029e75d70000

Metaspace:

Usage:
  Non-class:     46.09 MB used.
      Class:      6.49 MB used.
       Both:     52.57 MB used.

Virtual space:
  Non-class space:       64.00 MB reserved,      46.44 MB ( 73%) committed,  1 nodes.
      Class space:        1.00 GB reserved,       6.81 MB ( <1%) committed,  1 nodes.
             Both:        1.06 GB reserved,      53.25 MB (  5%) committed. 

Chunk freelists:
   Non-Class:  880.00 KB
       Class:  1.16 MB
        Both:  2.02 MB

MaxMetaspaceSize: unlimited
CompressedClassSpaceSize: 1.00 GB
Initial GC threshold: 21.00 MB
Current GC threshold: 59.06 MB
CDS: on
MetaspaceReclaimPolicy: balanced
 - commit_granule_bytes: 65536.
 - commit_granule_words: 8192.
 - virtual_space_node_default_size: 8388608.
 - enlarge_chunks_in_place: 1.
 - new_chunks_are_fully_committed: 0.
 - uncommit_free_chunks: 1.
 - use_allocation_guard: 0.


Internal statistics:

num_allocs_failed_limit: 6.
num_arena_births: 858.
num_arena_deaths: 0.
num_vsnodes_births: 2.
num_vsnodes_deaths: 0.
num_space_committed: 852.
num_space_uncommitted: 0.
num_chunks_returned_to_freelist: 6.
num_chunks_taken_from_freelist: 2681.
num_chunk_merges: 6.
num_chunk_splits: 1960.
num_chunks_enlarged: 1587.
num_inconsistent_stats: 0.

CodeHeap 'non-profiled nmethods': size=120000Kb used=3913Kb max_used=3913Kb free=116086Kb
 bounds [0x0000029e07ad0000, 0x0000029e07eb0000, 0x0000029e0f000000]
CodeHeap 'profiled nmethods': size=120000Kb used=9615Kb max_used=9615Kb free=110384Kb
 bounds [0x0000029e00000000, 0x0000029e00970000, 0x0000029e07530000]
CodeHeap 'non-nmethods': size=5760Kb used=1455Kb max_used=1558Kb free=4304Kb
 bounds [0x0000029e07530000, 0x0000029e077a0000, 0x0000029e07ad0000]
 total_blobs=5227 nmethods=4615 adapters=521
 compilation: enabled
              stopped_count=0, restarted_count=0
 full_count=0

Compilation events (20 events):
Event: 435.383 Thread 0x0000029e1635d670 nmethod 5292 0x0000029e07ea1d90 code [0x0000029e07ea1f20, 0x0000029e07ea2028]
Event: 435.383 Thread 0x0000029e1635d670 5302       4       java.lang.Character::isDigit (5 bytes)
Event: 435.383 Thread 0x0000029e1635d670 nmethod 5302 0x0000029e07ea2110 code [0x0000029e07ea22a0, 0x0000029e07ea2378]
Event: 435.387 Thread 0x0000029e1635dfe0 nmethod 5296 0x0000029e00958490 code [0x0000029e00958c20, 0x0000029e0095d748]
Event: 435.387 Thread 0x0000029e1635dfe0 5297       3       java.util.Calendar::selectFields (674 bytes)
Event: 435.389 Thread 0x0000029e1635dfe0 nmethod 5297 0x0000029e0095f690 code [0x0000029e0095f900, 0x0000029e00960bb8]
Event: 435.389 Thread 0x0000029e1635dfe0 5298       3       java.util.GregorianCalendar::getFixedDate (510 bytes)
Event: 435.390 Thread 0x0000029e1635dfe0 nmethod 5298 0x0000029e00961010 code [0x0000029e009613c0, 0x0000029e00963328]
Event: 435.390 Thread 0x0000029e1635dfe0 5299       3       sun.util.calendar.ZoneInfo::getOffsetsByWall (8 bytes)
Event: 435.391 Thread 0x0000029e1635dfe0 nmethod 5299 0x0000029e00963e10 code [0x0000029e00963fc0, 0x0000029e00964128]
Event: 435.391 Thread 0x0000029e1635dfe0 5300       3       java.util.Calendar::setFieldsNormalized (66 bytes)
Event: 435.391 Thread 0x0000029e1635dfe0 nmethod 5300 0x0000029e00964210 code [0x0000029e009643c0, 0x0000029e00964678]
Event: 435.391 Thread 0x0000029e1635dfe0 5303       3       java.util.Date::getTime (5 bytes)
Event: 435.391 Thread 0x0000029e1635dfe0 nmethod 5303 0x0000029e00964810 code [0x0000029e009649c0, 0x0000029e00964c88]
Event: 435.391 Thread 0x0000029e1635dfe0 5304       3       org.postgresql.core.Encoding::decode (15 bytes)
Event: 435.391 Thread 0x0000029e1635dfe0 nmethod 5304 0x0000029e00964d90 code [0x0000029e00964f40, 0x0000029e00965108]
Event: 435.391 Thread 0x0000029e1635dfe0 5305       3       org.postgresql.util.internal.Nullness::castNonNull (22 bytes)
Event: 435.391 Thread 0x0000029e1635dfe0 nmethod 5305 0x0000029e002f6890 code [0x0000029e002f6a20, 0x0000029e002f6b18]
Event: 443.224 Thread 0x0000029e1635dfe0 5306       1       java.util.EventObject::getSource (5 bytes)
Event: 443.225 Thread 0x0000029e1635dfe0 nmethod 5306 0x0000029e07ea2490 code [0x0000029e07ea2620, 0x0000029e07ea26d8]

GC Heap History (20 events):
Event: 2.135 GC heap before
{Heap before GC invocations=5 (full 0):
 garbage-first heap   total 51200K, used 39248K [0x0000000083600000, 0x0000000100000000)
  region size 1024K, 32 young (32768K), 6 survivors (6144K)
 Metaspace       used 23054K, committed 23360K, reserved 1114112K
  class space    used 2652K, committed 2816K, reserved 1048576K
}
Event: 2.146 GC heap after
{Heap after GC invocations=6 (full 0):
 garbage-first heap   total 51200K, used 13185K [0x0000000083600000, 0x0000000100000000)
  region size 1024K, 1 young (1024K), 1 survivors (1024K)
 Metaspace       used 23054K, committed 23360K, reserved 1114112K
  class space    used 2652K, committed 2816K, reserved 1048576K
}
Event: 2.154 GC heap before
{Heap before GC invocations=6 (full 0):
 garbage-first heap   total 51200K, used 14209K [0x0000000083600000, 0x0000000100000000)
  region size 1024K, 2 young (2048K), 1 survivors (1024K)
 Metaspace       used 23148K, committed 23488K, reserved 1114112K
  class space    used 2665K, committed 2816K, reserved 1048576K
}
Event: 2.158 GC heap after
{Heap after GC invocations=7 (full 0):
 garbage-first heap   total 61440K, used 13699K [0x0000000083600000, 0x0000000100000000)
  region size 1024K, 1 young (1024K), 1 survivors (1024K)
 Metaspace       used 23148K, committed 23488K, reserved 1114112K
  class space    used 2665K, committed 2816K, reserved 1048576K
}
Event: 2.603 GC heap before
{Heap before GC invocations=7 (full 0):
 garbage-first heap   total 61440K, used 45443K [0x0000000083600000, 0x0000000100000000)
  region size 1024K, 33 young (33792K), 1 survivors (1024K)
 Metaspace       used 26472K, committed 26880K, reserved 1114112K
  class space    used 3159K, committed 3328K, reserved 1048576K
}
Event: 2.608 GC heap after
{Heap after GC invocations=8 (full 0):
 garbage-first heap   total 61440K, used 15468K [0x0000000083600000, 0x0000000100000000)
  region size 1024K, 3 young (3072K), 3 survivors (3072K)
 Metaspace       used 26472K, committed 26880K, reserved 1114112K
  class space    used 3159K, committed 3328K, reserved 1048576K
}
Event: 2.985 GC heap before
{Heap before GC invocations=8 (full 0):
 garbage-first heap   total 61440K, used 46188K [0x0000000083600000, 0x0000000100000000)
  region size 1024K, 33 young (33792K), 3 survivors (3072K)
 Metaspace       used 29907K, committed 30400K, reserved 1114112K
  class space    used 3556K, committed 3776K, reserved 1048576K
}
Event: 2.989 GC heap after
{Heap after GC invocations=9 (full 0):
 garbage-first heap   total 61440K, used 16679K [0x0000000083600000, 0x0000000100000000)
  region size 1024K, 4 young (4096K), 4 survivors (4096K)
 Metaspace       used 29907K, committed 30400K, reserved 1114112K
  class space    used 3556K, committed 3776K, reserved 1048576K
}
Event: 3.313 GC heap before
{Heap before GC invocations=9 (full 0):
 garbage-first heap   total 61440K, used 46375K [0x0000000083600000, 0x0000000100000000)
  region size 1024K, 34 young (34816K), 4 survivors (4096K)
 Metaspace       used 34045K, committed 34560K, reserved 1114112K
  class space    used 3987K, committed 4224K, reserved 1048576K
}
Event: 3.316 GC heap after
{Heap after GC invocations=10 (full 0):
 garbage-first heap   total 61440K, used 17455K [0x0000000083600000, 0x0000000100000000)
  region size 1024K, 3 young (3072K), 3 survivors (3072K)
 Metaspace       used 34045K, committed 34560K, reserved 1114112K
  class space    used 3987K, committed 4224K, reserved 1048576K
}
Event: 3.468 GC heap before
{Heap before GC invocations=10 (full 0):
 garbage-first heap   total 61440K, used 35887K [0x0000000083600000, 0x0000000100000000)
  region size 1024K, 22 young (22528K), 3 survivors (3072K)
 Metaspace       used 35670K, committed 36096K, reserved 1114112K
  class space    used 4223K, committed 4416K, reserved 1048576K
}
Event: 3.470 GC heap after
{Heap after GC invocations=11 (full 0):
 garbage-first heap   total 61440K, used 17911K [0x0000000083600000, 0x0000000100000000)
  region size 1024K, 3 young (3072K), 3 survivors (3072K)
 Metaspace       used 35670K, committed 36096K, reserved 1114112K
  class space    used 4223K, committed 4416K, reserved 1048576K
}
Event: 3.743 GC heap before
{Heap before GC invocations=12 (full 0):
 garbage-first heap   total 61440K, used 49655K [0x0000000083600000, 0x0000000100000000)
  region size 1024K, 34 young (34816K), 3 survivors (3072K)
 Metaspace       used 38525K, committed 39040K, reserved 1114112K
  class space    used 4702K, committed 4928K, reserved 1048576K
}
Event: 3.746 GC heap after
{Heap after GC invocations=13 (full 0):
 garbage-first heap   total 61440K, used 18691K [0x0000000083600000, 0x0000000100000000)
  region size 1024K, 4 young (4096K), 4 survivors (4096K)
 Metaspace       used 38525K, committed 39040K, reserved 1114112K
  class space    used 4702K, committed 4928K, reserved 1048576K
}
Event: 3.749 GC heap before
{Heap before GC invocations=13 (full 0):
 garbage-first heap   total 61440K, used 19715K [0x0000000083600000, 0x0000000100000000)
  region size 1024K, 5 young (5120K), 4 survivors (4096K)
 Metaspace       used 38597K, committed 39104K, reserved 1114112K
  class space    used 4706K, committed 4928K, reserved 1048576K
}
Event: 3.752 GC heap after
{Heap after GC invocations=14 (full 0):
 garbage-first heap   total 61440K, used 18277K [0x0000000083600000, 0x0000000100000000)
  region size 1024K, 1 young (1024K), 1 survivors (1024K)
 Metaspace       used 38597K, committed 39104K, reserved 1114112K
  class space    used 4706K, committed 4928K, reserved 1048576K
}
Event: 3.974 GC heap before
{Heap before GC invocations=14 (full 0):
 garbage-first heap   total 61440K, used 48997K [0x0000000083600000, 0x0000000100000000)
  region size 1024K, 32 young (32768K), 1 survivors (1024K)
 Metaspace       used 41770K, committed 42304K, reserved 1114112K
  class space    used 5118K, committed 5376K, reserved 1048576K
}
Event: 3.978 GC heap after
{Heap after GC invocations=15 (full 0):
 garbage-first heap   total 155648K, used 18456K [0x0000000083600000, 0x0000000100000000)
  region size 1024K, 1 young (1024K), 1 survivors (1024K)
 Metaspace       used 41770K, committed 42304K, reserved 1114112K
  class space    used 5118K, committed 5376K, reserved 1048576K
}
Event: 14.998 GC heap before
{Heap before GC invocations=15 (full 0):
 garbage-first heap   total 155648K, used 110616K [0x0000000083600000, 0x0000000100000000)
  region size 1024K, 91 young (93184K), 1 survivors (1024K)
 Metaspace       used 50441K, committed 51072K, reserved 1114112K
  class space    used 6280K, committed 6592K, reserved 1048576K
}
Event: 15.005 GC heap after
{Heap after GC invocations=16 (full 0):
 garbage-first heap   total 155648K, used 22531K [0x0000000083600000, 0x0000000100000000)
  region size 1024K, 5 young (5120K), 5 survivors (5120K)
 Metaspace       used 50441K, committed 51072K, reserved 1114112K
  class space    used 6280K, committed 6592K, reserved 1048576K
}

Dll operation events (13 events):
Event: 0.007 Loaded shared library D:\Programfiles\java\jdk-19\bin\java.dll
Event: 0.018 Loaded shared library D:\Programfiles\java\jdk-19\bin\jsvml.dll
Event: 0.199 Loaded shared library D:\Programfiles\java\jdk-19\bin\zip.dll
Event: 0.201 Loaded shared library D:\Programfiles\java\jdk-19\bin\instrument.dll
Event: 0.207 Loaded shared library D:\Programfiles\java\jdk-19\bin\net.dll
Event: 0.208 Loaded shared library D:\Programfiles\java\jdk-19\bin\nio.dll
Event: 0.211 Loaded shared library D:\Programfiles\java\jdk-19\bin\zip.dll
Event: 0.315 Loaded shared library D:\Programfiles\java\jdk-19\bin\jimage.dll
Event: 0.356 Loaded shared library D:\Programfiles\java\jdk-19\bin\verify.dll
Event: 1.418 Loaded shared library D:\Programfiles\java\jdk-19\bin\sunmscapi.dll
Event: 2.813 Loaded shared library D:\Programfiles\java\jdk-19\bin\management.dll
Event: 2.814 Loaded shared library D:\Programfiles\java\jdk-19\bin\management_ext.dll
Event: 3.072 Loaded shared library D:\Programfiles\java\jdk-19\bin\extnet.dll

Deoptimization events (20 events):
Event: 51.216 Thread 0x0000029e1f4805e0 DEOPT PACKING pc=0x0000029e001820dc sp=0x000000ee01ffcb10
Event: 51.216 Thread 0x0000029e1f4805e0 DEOPT UNPACKING pc=0x0000029e0759b0e3 sp=0x000000ee01ffbfc8 mode 1
Event: 51.267 Thread 0x0000029e1f4805e0 Uncommon trap: trap_request=0xffffff45 fr.pc=0x0000029e07c280e8 relative=0x0000000000000328
Event: 51.267 Thread 0x0000029e1f4805e0 Uncommon trap: reason=unstable_if action=reinterpret pc=0x0000029e07c280e8 method=java.util.HashMap.getNode(Ljava/lang/Object;)Ljava/util/HashMap$Node; @ 66 c2
Event: 51.268 Thread 0x0000029e1f4805e0 DEOPT PACKING pc=0x0000029e07c280e8 sp=0x000000ee01ffcb80
Event: 51.268 Thread 0x0000029e1f4805e0 DEOPT UNPACKING pc=0x0000029e0759a5a3 sp=0x000000ee01ffcad0 mode 2
Event: 129.723 Thread 0x0000029e1f47eb50 Uncommon trap: trap_request=0xffffff45 fr.pc=0x0000029e07b5f5a8 relative=0x00000000000002e8
Event: 129.723 Thread 0x0000029e1f47eb50 Uncommon trap: reason=unstable_if action=reinterpret pc=0x0000029e07b5f5a8 method=java.util.HashMap.getNode(Ljava/lang/Object;)Ljava/util/HashMap$Node; @ 66 c2
Event: 129.723 Thread 0x0000029e1f47eb50 DEOPT PACKING pc=0x0000029e07b5f5a8 sp=0x000000ee020fc990
Event: 129.723 Thread 0x0000029e1f47eb50 DEOPT UNPACKING pc=0x0000029e0759a5a3 sp=0x000000ee020fc930 mode 2
Event: 263.702 Thread 0x0000029e1f47db60 DEOPT PACKING pc=0x0000029e004fbc84 sp=0x000000ee01efd160
Event: 263.702 Thread 0x0000029e1f47db60 DEOPT UNPACKING pc=0x0000029e0759b0e3 sp=0x000000ee01efc600 mode 0
Event: 263.702 Thread 0x0000029e1f47db60 DEOPT PACKING pc=0x0000029e0072586c sp=0x000000ee01efd1c0
Event: 263.703 Thread 0x0000029e1f47db60 DEOPT UNPACKING pc=0x0000029e0759b0e3 sp=0x000000ee01efc738 mode 0
Event: 277.161 Thread 0x0000029e1f47db60 DEOPT PACKING pc=0x0000029e004fbc84 sp=0x000000ee01efd980
Event: 277.162 Thread 0x0000029e1f47db60 DEOPT UNPACKING pc=0x0000029e0759b0e3 sp=0x000000ee01efce20 mode 0
Event: 277.162 Thread 0x0000029e1f47db60 DEOPT PACKING pc=0x0000029e0072586c sp=0x000000ee01efd9e0
Event: 277.162 Thread 0x0000029e1f47db60 DEOPT UNPACKING pc=0x0000029e0759b0e3 sp=0x000000ee01efcf58 mode 0
Event: 448.375 Thread 0x0000029e1f47d610 DEOPT PACKING pc=0x0000029e0094fe84 sp=0x000000ee024fd7c0
Event: 448.375 Thread 0x0000029e1f47d610 DEOPT UNPACKING pc=0x0000029e0759b0e3 sp=0x000000ee024fcc68 mode 0

Classes loaded (20 events):
Event: 14.928 Loading class java/lang/invoke/ConstantBootstraps
Event: 14.928 Loading class java/lang/invoke/ConstantBootstraps done
Event: 51.198 Loading class java/time/format/DateTimeFormatterBuilder$ZoneTextPrinterParser
Event: 51.198 Loading class java/time/format/DateTimeFormatterBuilder$ZoneTextPrinterParser done
Event: 51.199 Loading class java/time/format/DateTimeFormatterBuilder$ReducedPrinterParser
Event: 51.199 Loading class java/time/format/DateTimeFormatterBuilder$ReducedPrinterParser done
Event: 51.203 Loading class java/util/OptionalLong
Event: 51.203 Loading class java/util/OptionalLong done
Event: 51.203 Loading class java/util/OptionalDouble
Event: 51.203 Loading class java/util/OptionalDouble done
Event: 51.233 Loading class java/util/stream/LongStream
Event: 51.233 Loading class java/util/stream/LongStream done
Event: 51.233 Loading class java/util/stream/DoubleStream
Event: 51.234 Loading class java/util/stream/DoubleStream done
Event: 51.249 Loading class org/w3c/dom/Node
Event: 51.249 Loading class org/w3c/dom/Node done
Event: 51.249 Loading class org/w3c/dom/Document
Event: 51.249 Loading class org/w3c/dom/Document done
Event: 142.568 Loading class java/io/PushbackInputStream
Event: 142.568 Loading class java/io/PushbackInputStream done

Classes unloaded (0 events):
No events

Classes redefined (1 events):
Event: 448.393 Thread 0x0000029e16337070 redefined class name=com.pennant.cms.controller.CmsController, count=1

Internal exceptions (20 events):
Event: 4.260 Thread 0x0000029e77c189d0 Exception <a 'java/lang/IncompatibleClassChangeError'{0x000000008ad46838}: Found class java.lang.Object, but interface was expected> (0x000000008ad46838) 
thrown [s\open\src\hotspot\share\interpreter\linkResolver.cpp, line 841]
Event: 6.978 Thread 0x0000029e77c189d0 Exception <a 'java/lang/NoSuchMethodError'{0x000000008a77a880}: 'java.lang.Object java.lang.invoke.DirectMethodHandle$Holder.newInvokeSpecial(java.lang.Object, java.lang.Object, java.lang.Object, java.lang.Object, java.lang.Object, java.lang.Object)'> (0x000000008a77a880) 
thrown [s\open\src\hotspot\share\interpreter\linkResolver.cpp, line 774]
Event: 6.982 Thread 0x0000029e77c189d0 Exception <a 'java/lang/NoSuchMethodError'{0x000000008a7d6f70}: 'java.lang.Object java.lang.invoke.DirectMethodHandle$Holder.newInvokeSpecial(java.lang.Object, java.lang.Object, java.lang.Object, java.lang.Object, java.lang.Object, java.lang.Object, java.lang.Object, java.lang.Object)'> (0x000000008a7d6f70) 
thrown [s\open\src\hotspot\share\interpreter\linkResolver.cpp, line 774]
Event: 7.134 Thread 0x0000029e77c189d0 Exception <a 'sun/nio/fs/WindowsException'{0x0000000089bb6b88}> (0x0000000089bb6b88) 
thrown [s\open\src\hotspot\share\prims\jni.cpp, line 517]
Event: 7.177 Thread 0x0000029e77c189d0 Exception <a 'java/lang/IncompatibleClassChangeError'{0x00000000896a0008}: Found class java.lang.Object, but interface was expected> (0x00000000896a0008) 
thrown [s\open\src\hotspot\share\interpreter\linkResolver.cpp, line 841]
Event: 7.218 Thread 0x0000029e77c189d0 Exception <a 'java/lang/NoSuchMethodError'{0x000000008924bba8}: 'void java.lang.invoke.DirectMethodHandle$Holder.invokeVirtual(java.lang.Object, java.lang.Object, long)'> (0x000000008924bba8) 
thrown [s\open\src\hotspot\share\interpreter\linkResolver.cpp, line 774]
Event: 7.300 Thread 0x0000029e77c189d0 Exception <a 'java/lang/IncompatibleClassChangeError'{0x0000000088aed210}: Found class java.lang.Object, but interface was expected> (0x0000000088aed210) 
thrown [s\open\src\hotspot\share\interpreter\linkResolver.cpp, line 841]
Event: 7.338 Thread 0x0000029e77c189d0 Implicit null exception at 0x0000029e07d4d6a4 to 0x0000029e07d4f32c
Event: 7.339 Thread 0x0000029e77c189d0 Implicit null exception at 0x0000029e07c6545a to 0x0000029e07c656dc
Event: 7.339 Thread 0x0000029e77c189d0 Implicit null exception at 0x0000029e07b746ca to 0x0000029e07b748fc
Event: 7.388 Thread 0x0000029e77c189d0 Exception <a 'java/lang/NoSuchMethodError'{0x00000000882a81a0}: 'java.lang.Object java.lang.invoke.DirectMethodHandle$Holder.newInvokeSpecial(java.lang.Object, java.lang.Object, int, java.lang.Object, java.lang.Object)'> (0x00000000882a81a0) 
thrown [s\open\src\hotspot\share\interpreter\linkResolver.cpp, line 774]
Event: 7.388 Thread 0x0000029e77c189d0 Exception <a 'java/lang/NoSuchMethodError'{0x00000000882b3830}: 'java.lang.Object java.lang.invoke.DirectMethodHandle$Holder.invokeSpecial(java.lang.Object, java.lang.Object, int, java.lang.Object, int, java.lang.Object)'> (0x00000000882b3830) 
thrown [s\open\src\hotspot\share\interpreter\linkResolver.cpp, line 774]
Event: 7.389 Thread 0x0000029e77c189d0 Exception <a 'java/lang/NoSuchMethodError'{0x00000000882bb618}: 'java.lang.Object java.lang.invoke.DirectMethodHandle$Holder.newInvokeSpecial(java.lang.Object, java.lang.Object, int, java.lang.Object, int)'> (0x00000000882bb618) 
thrown [s\open\src\hotspot\share\interpreter\linkResolver.cpp, line 774]
Event: 7.389 Thread 0x0000029e77c189d0 Exception <a 'java/lang/NoSuchMethodError'{0x00000000882bf730}: 'java.lang.Object java.lang.invoke.DirectMethodHandle$Holder.invokeSpecial(java.lang.Object, java.lang.Object, java.lang.Object, int, java.lang.Object, int)'> (0x00000000882bf730) 
thrown [s\open\src\hotspot\share\interpreter\linkResolver.cpp, line 774]
Event: 14.956 Thread 0x0000029e1f4805e0 Exception <a 'java/lang/NoSuchMethodError'{0x00000000878e9900}: 'java.lang.Object java.lang.invoke.DirectMethodHandle$Holder.invokeSpecial(java.lang.Object, java.lang.Object, java.lang.Object, java.lang.Object, java.lang.Object, long)'> (0x00000000878e9900) 
thrown [s\open\src\hotspot\share\interpreter\linkResolver.cpp, line 774]
Event: 14.956 Thread 0x0000029e1f4805e0 Exception <a 'java/lang/NoSuchMethodError'{0x00000000878ed350}: 'java.lang.Object java.lang.invoke.Invokers$Holder.linkToTargetMethod(java.lang.Object, java.lang.Object, java.lang.Object, long, java.lang.Object)'> (0x00000000878ed350) 
thrown [s\open\src\hotspot\share\interpreter\linkResolver.cpp, line 774]
Event: 51.264 Thread 0x0000029e1f4805e0 Exception <a 'java/lang/NoSuchMethodError'{0x000000008bc0ce60}: 'long java.lang.invoke.DelegatingMethodHandle$Holder.reinvoke_L(java.lang.Object, java.lang.Object)'> (0x000000008bc0ce60) 
thrown [s\open\src\hotspot\share\interpreter\linkResolver.cpp, line 774]
Event: 142.600 Thread 0x0000029e1f47f5f0 Exception <a 'java/lang/NoSuchMethodError'{0x000000008b354e50}: 'long java.lang.invoke.DirectMethodHandle$Holder.invokeStatic(java.lang.Object, java.lang.Object, int)'> (0x000000008b354e50) 
thrown [s\open\src\hotspot\share\interpreter\linkResolver.cpp, line 774]
Event: 142.601 Thread 0x0000029e1f47f5f0 Exception <a 'java/lang/NoSuchMethodError'{0x000000008b35f8a0}: 'void java.lang.invoke.DelegatingMethodHandle$Holder.reinvoke_L(java.lang.Object, java.lang.Object, long)'> (0x000000008b35f8a0) 
thrown [s\open\src\hotspot\share\interpreter\linkResolver.cpp, line 774]
Event: 142.609 Thread 0x0000029e1f47f5f0 Exception <a 'java/lang/NoSuchMethodError'{0x000000008b269e60}: 'int java.lang.invoke.DelegatingMethodHandle$Holder.reinvoke_L(java.lang.Object, java.lang.Object, long, int)'> (0x000000008b269e60) 
thrown [s\open\src\hotspot\share\interpreter\linkResolver.cpp, line 774]

VM Operations (20 events):
Event: 435.478 Executing VM operation: get/set locals
Event: 435.478 Executing VM operation: get/set locals done
Event: 435.479 Executing VM operation: get/set locals
Event: 435.479 Executing VM operation: get/set locals done
Event: 435.480 Executing VM operation: get/set locals
Event: 435.480 Executing VM operation: get/set locals done
Event: 435.481 Executing VM operation: get/set locals
Event: 435.481 Executing VM operation: get/set locals done
Event: 448.375 Executing VM operation: ChangeSingleStep
Event: 448.375 Executing VM operation: ChangeSingleStep done
Event: 448.375 Executing VM operation: ChangeSingleStep
Event: 448.375 Executing VM operation: ChangeSingleStep done
Event: 448.386 Executing VM operation: RedefineClasses
Event: 448.414 Executing VM operation: RedefineClasses done
Event: 448.440 Executing VM operation: ChangeBreakpoints
Event: 448.441 Executing VM operation: ChangeBreakpoints done
Event: 448.452 Executing VM operation: ChangeBreakpoints
Event: 448.453 Executing VM operation: ChangeBreakpoints done
Event: 448.456 Executing VM operation: ChangeSingleStep
Event: 448.456 Executing VM operation: ChangeSingleStep done

Events (20 events):
Event: 7.397 Thread 0x0000029e1f47f0a0 Thread added: 0x0000029e1f47f0a0
Event: 7.397 Thread 0x0000029e1f47f5f0 Thread added: 0x0000029e1f47f5f0
Event: 7.397 Thread 0x0000029e1f47d610 Thread added: 0x0000029e1f47d610
Event: 7.397 Thread 0x0000029e1f47e600 Thread added: 0x0000029e1f47e600
Event: 7.397 Thread 0x0000029e20b8fd20 Thread added: 0x0000029e20b8fd20
Event: 7.397 Thread 0x0000029e20b91d00 Thread added: 0x0000029e20b91d00
Event: 7.422 Thread 0x0000029e20b927a0 Thread added: 0x0000029e20b927a0
Event: 7.423 Thread 0x0000029e20b93790 Thread added: 0x0000029e20b93790
Event: 7.441 Thread 0x0000029e77c189d0 Thread exited: 0x0000029e77c189d0
Event: 7.441 Thread 0x0000029e20b95220 Thread added: 0x0000029e20b95220
Event: 8.908 Thread 0x0000029e1f480090 Thread exited: 0x0000029e1f480090
Event: 14.941 Thread 0x0000029e1a720ff0 Thread exited: 0x0000029e1a720ff0
Event: 14.941 Thread 0x0000029e1eb79ad0 Thread exited: 0x0000029e1eb79ad0
Event: 14.959 Thread 0x0000029e1a720ff0 Thread added: 0x0000029e1a720ff0
Event: 15.358 Thread 0x0000029e1eb79ad0 Thread added: 0x0000029e1eb79ad0
Event: 19.435 Thread 0x0000029e1eb79ad0 Thread exited: 0x0000029e1eb79ad0
Event: 24.444 Thread 0x0000029e1a720ff0 Thread exited: 0x0000029e1a720ff0
Event: 51.244 Thread 0x0000029e1eb79ad0 Thread added: 0x0000029e1eb79ad0
Event: 51.245 Thread 0x0000029e16373bc0 flushing nmethod 0x0000029e008e1c10
Event: 53.433 Thread 0x0000029e1eb79ad0 Thread exited: 0x0000029e1eb79ad0


Dynamic libraries:
0x00007ff744400000 - 0x00007ff744410000 	D:\Programfiles\java\jdk-19\bin\javaw.exe
0x00007ffebe2b0000 - 0x00007ffebe4c4000 	C:\WINDOWS\SYSTEM32\ntdll.dll
0x00007ffebd330000 - 0x00007ffebd3f4000 	C:\WINDOWS\System32\KERNEL32.DLL
0x00007ffebb820000 - 0x00007ffebbbc4000 	C:\WINDOWS\System32\KERNELBASE.dll
0x00007ffebbe00000 - 0x00007ffebbf11000 	C:\WINDOWS\System32\ucrtbase.dll
0x00007ffeb3ad0000 - 0x00007ffeb3ae8000 	D:\Programfiles\java\jdk-19\bin\jli.dll
0x00007ffea90e0000 - 0x00007ffea90fb000 	D:\Programfiles\java\jdk-19\bin\VCRUNTIME140.dll
0x00007ffebd690000 - 0x00007ffebd740000 	C:\WINDOWS\System32\ADVAPI32.dll
0x00007ffebc5c0000 - 0x00007ffebc667000 	C:\WINDOWS\System32\msvcrt.dll
0x00007ffebc720000 - 0x00007ffebc7c6000 	C:\WINDOWS\System32\sechost.dll
0x00007ffebd210000 - 0x00007ffebd327000 	C:\WINDOWS\System32\RPCRT4.dll
0x00007ffebd400000 - 0x00007ffebd5ae000 	C:\WINDOWS\System32\USER32.dll
0x00007ffebc010000 - 0x00007ffebc036000 	C:\WINDOWS\System32\win32u.dll
0x00007ffea66b0000 - 0x00007ffea6943000 	C:\WINDOWS\WinSxS\amd64_microsoft.windows.common-controls_6595b64144ccf1df_6.0.22621.2215_none_270d72677387dfc3\COMCTL32.dll
0x00007ffebe090000 - 0x00007ffebe0b9000 	C:\WINDOWS\System32\GDI32.dll
0x00007ffebb700000 - 0x00007ffebb818000 	C:\WINDOWS\System32\gdi32full.dll
0x00007ffebb660000 - 0x00007ffebb6fa000 	C:\WINDOWS\System32\msvcp_win.dll
0x00007ffeb3e20000 - 0x00007ffeb3e2a000 	C:\WINDOWS\SYSTEM32\VERSION.dll
0x00007ffebd5e0000 - 0x00007ffebd611000 	C:\WINDOWS\System32\IMM32.DLL
0x00007ffeb3ac0000 - 0x00007ffeb3acc000 	D:\Programfiles\java\jdk-19\bin\vcruntime140_1.dll
0x00007ffe910c0000 - 0x00007ffe9114e000 	D:\Programfiles\java\jdk-19\bin\msvcp140.dll
0x00007ffe6c600000 - 0x00007ffe6d2c0000 	D:\Programfiles\java\jdk-19\bin\server\jvm.dll
0x00007ffeb6b70000 - 0x00007ffeb6b79000 	C:\WINDOWS\SYSTEM32\WSOCK32.dll
0x00007ffeb78f0000 - 0x00007ffeb7924000 	C:\WINDOWS\SYSTEM32\WINMM.dll
0x00007ffebc690000 - 0x00007ffebc701000 	C:\WINDOWS\System32\WS2_32.dll
0x00007ffeba620000 - 0x00007ffeba638000 	C:\WINDOWS\SYSTEM32\kernel.appcore.dll
0x00007ffeb6ba0000 - 0x00007ffeb6baa000 	D:\Programfiles\java\jdk-19\bin\jimage.dll
0x00007ffeb8ec0000 - 0x00007ffeb90ee000 	C:\WINDOWS\SYSTEM32\DBGHELP.DLL
0x00007ffebc040000 - 0x00007ffebc3ca000 	C:\WINDOWS\System32\combase.dll
0x00007ffebc480000 - 0x00007ffebc557000 	C:\WINDOWS\System32\OLEAUT32.dll
0x00007ffeb7750000 - 0x00007ffeb7782000 	C:\WINDOWS\SYSTEM32\dbgcore.DLL
0x00007ffebbf90000 - 0x00007ffebc00a000 	C:\WINDOWS\System32\bcryptPrimitives.dll
0x00007ffe9b3d0000 - 0x00007ffe9b40c000 	D:\Programfiles\java\jdk-19\bin\jdwp.dll
0x00007ffeb1a50000 - 0x00007ffeb1a5e000 	D:\Programfiles\java\jdk-19\bin\instrument.dll
0x00007ffeb1ee0000 - 0x00007ffeb1f06000 	D:\Programfiles\java\jdk-19\bin\java.dll
0x00007ffe9b1a0000 - 0x00007ffe9b277000 	D:\Programfiles\java\jdk-19\bin\jsvml.dll
0x00007ffebc7d0000 - 0x00007ffebcff3000 	C:\WINDOWS\System32\SHELL32.dll
0x00007ffeb95a0000 - 0x00007ffeb9e8a000 	C:\WINDOWS\SYSTEM32\windows.storage.dll
0x00007ffeb9460000 - 0x00007ffeb959e000 	C:\WINDOWS\SYSTEM32\wintypes.dll
0x00007ffebd760000 - 0x00007ffebd853000 	C:\WINDOWS\System32\SHCORE.dll
0x00007ffebc560000 - 0x00007ffebc5be000 	C:\WINDOWS\System32\shlwapi.dll
0x00007ffebb590000 - 0x00007ffebb5b6000 	C:\WINDOWS\SYSTEM32\profapi.dll
0x00007ffeb17c0000 - 0x00007ffeb17cc000 	D:\Programfiles\java\jdk-19\bin\dt_socket.dll
0x00007ffeba0f0000 - 0x00007ffeba11d000 	C:\WINDOWS\SYSTEM32\IPHLPAPI.DLL
0x00007ffebaaf0000 - 0x00007ffebab59000 	C:\WINDOWS\system32\mswsock.dll
0x00007ffeba160000 - 0x00007ffeba252000 	C:\WINDOWS\SYSTEM32\DNSAPI.dll
0x00007ffebd750000 - 0x00007ffebd759000 	C:\WINDOWS\System32\NSI.dll
0x00007ffeb69d0000 - 0x00007ffeb69da000 	C:\Windows\System32\rasadhlp.dll
0x00007ffeb6410000 - 0x00007ffeb6494000 	C:\WINDOWS\System32\fwpuclnt.dll
0x00007ffeb1a60000 - 0x00007ffeb1a78000 	D:\Programfiles\java\jdk-19\bin\zip.dll
0x00007ffeb3270000 - 0x00007ffeb3283000 	D:\Programfiles\java\jdk-19\bin\net.dll
0x00007ffeb7db0000 - 0x00007ffeb7ee7000 	C:\WINDOWS\SYSTEM32\WINHTTP.dll
0x00007ffeb1a80000 - 0x00007ffeb1a96000 	D:\Programfiles\java\jdk-19\bin\nio.dll
0x00007ffeb5f80000 - 0x00007ffeb5f90000 	D:\Programfiles\java\jdk-19\bin\verify.dll
0x00007ffeb23c0000 - 0x00007ffeb23ce000 	D:\Programfiles\java\jdk-19\bin\sunmscapi.dll
0x00007ffebbbd0000 - 0x00007ffebbd36000 	C:\WINDOWS\System32\CRYPT32.dll
0x00007ffebaf90000 - 0x00007ffebafbe000 	C:\WINDOWS\SYSTEM32\ncrypt.dll
0x00007ffebaf50000 - 0x00007ffebaf87000 	C:\WINDOWS\SYSTEM32\NTASN1.dll
0x00007ffebadd0000 - 0x00007ffebadeb000 	C:\WINDOWS\SYSTEM32\CRYPTSP.dll
0x00007ffeba5e0000 - 0x00007ffeba615000 	C:\WINDOWS\system32\rsaenh.dll
0x00007ffebabc0000 - 0x00007ffebabec000 	C:\WINDOWS\SYSTEM32\USERENV.dll
0x00007ffebb010000 - 0x00007ffebb038000 	C:\WINDOWS\SYSTEM32\bcrypt.dll
0x00007ffebadf0000 - 0x00007ffebadfc000 	C:\WINDOWS\SYSTEM32\CRYPTBASE.dll
0x00007ffeb69b0000 - 0x00007ffeb69c9000 	C:\WINDOWS\SYSTEM32\dhcpcsvc6.DLL
0x00007ffeb69e0000 - 0x00007ffeb69ff000 	C:\WINDOWS\SYSTEM32\dhcpcsvc.DLL
0x00007ffeb1620000 - 0x00007ffeb162a000 	D:\Programfiles\java\jdk-19\bin\management.dll
0x00007ffea7dd0000 - 0x00007ffea7ddb000 	D:\Programfiles\java\jdk-19\bin\management_ext.dll
0x00007ffebd5b0000 - 0x00007ffebd5b8000 	C:\WINDOWS\System32\PSAPI.DLL
0x00007ffeb1db0000 - 0x00007ffeb1db8000 	D:\Programfiles\java\jdk-19\bin\extnet.dll
0x00007ffea7c60000 - 0x00007ffea7c68000 	C:\WINDOWS\system32\wshunix.dll

dbghelp: loaded successfully - version: 4.0.5 - missing functions: none
symbol engine: initialized successfully - sym options: 0x614 - pdb path: .;D:\Programfiles\java\jdk-19\bin;C:\WINDOWS\SYSTEM32;C:\WINDOWS\WinSxS\amd64_microsoft.windows.common-controls_6595b64144ccf1df_6.0.22621.2215_none_270d72677387dfc3;D:\Programfiles\java\jdk-19\bin\server

VM Arguments:
jvm_args: -XX:+ShowCodeDetailsInExceptionMessages -agentlib:jdwp=transport=dt_socket,suspend=y,address=localhost:62810 -javaagent:D:\Eclipse AK\java-2022-12\eclipse\configuration\org.eclipse.osgi\227\0\.cp\lib\javaagent-shaded.jar -Dfile.encoding=UTF-8 
java_command: com.pennant.cms.CmsApplication
java_class_path (initial): D:\AWS Hackathon\git\CMS_Indira\CMS\target\classes;C:\Users\maroj\.m2\repository\org\springframework\spring-jdbc\6.1.1\spring-jdbc-6.1.1.jar;C:\Users\maroj\.m2\repository\org\springframework\spring-beans\6.1.1\spring-beans-6.1.1.jar;C:\Users\maroj\.m2\repository\org\springframework\spring-core\6.1.1\spring-core-6.1.1.jar;C:\Users\maroj\.m2\repository\org\springframework\spring-jcl\6.1.1\spring-jcl-6.1.1.jar;C:\Users\maroj\.m2\repository\org\springframework\spring-tx\6.1.1\spring-tx-6.1.1.jar;C:\Users\maroj\.m2\repository\org\springframework\boot\spring-boot-starter-web\3.2.0\spring-boot-starter-web-3.2.0.jar;C:\Users\maroj\.m2\repository\org\springframework\boot\spring-boot-starter\3.2.0\spring-boot-starter-3.2.0.jar;C:\Users\maroj\.m2\repository\org\springframework\boot\spring-boot\3.2.0\spring-boot-3.2.0.jar;C:\Users\maroj\.m2\repository\org\springframework\boot\spring-boot-autoconfigure\3.2.0\spring-boot-autoconfigure-3.2.0.jar;C:\Users\maroj\.m2\repository\org\springframework\boot\spring-boot-starter-logging\3.2.0\spring-boot-starter-logging-3.2.0.jar;C:\Users\maroj\.m2\repository\ch\qos\logback\logback-classic\1.4.11\logback-classic-1.4.11.jar;C:\Users\maroj\.m2\repository\ch\qos\logback\logback-core\1.4.11\logback-core-1.4.11.jar;C:\Users\maroj\.m2\repository\org\apache\logging\log4j\log4j-to-slf4j\2.21.1\log4j-to-slf4j-2.21.1.jar;C:\Users\maroj\.m2\repository\org\apache\logging\log4j\log4j-api\2.21.1\log4j-api-2.21.1.jar;C:\Users\maroj\.m2\repository\org\slf4j\jul-to-slf4j\2.0.9\jul-to-slf4j-2.0.9.jar;C:\Users\maroj\.m2\repository\jakarta\annotation\jakarta.annotation-api\2.1.1\jakarta.annotation-api-2.1.1.jar;C:\Users\maroj\.m2\repository\org\yaml\snakeyaml\2.2\snakeyaml-2.2.jar;C:\Users\maroj\.m2\repository\org\springframework\boot\spring-boot-starter-json\3.2.0\spring-boot-starter-json-3.2.0.jar;C:\Users\maroj\.m2\repository\com\fasterxml\jackson\datatype\jackson-datatype-jdk8\2.15.3\jackson-datatype-jdk8-2.15.3.jar;C:\Users\maroj\.m2\repository\com\fasterxml\jackson\datatype\jackson-datatype-jsr310\2.15.3\jackson-datatype-jsr310-2.15.3.jar;C:\Users\maroj\.m2\repository\com\fasterxml\jackson\module\jackson-module-parameter-names\2.15.3\jackson-module-parameter-names-2.15.3.jar;C:\Users\maroj\.m2\repository\org\springframework\boot\spring-boot-starter-tomcat\3.2.0\spring-boot-starter-tomcat-3.2.0.jar;C:\Users\maroj\.m2\repository\org\apache\tomcat\embed\tomcat-embed-core\10.1.16\tomcat-embed-core-10.1.16.jar;C:\Users\maroj\.m2\repository\org\apache\tomcat\embed\tomcat-embed-el\10.1.16\tomcat-embed-el-10.1.16.jar;C:\Users\maroj\.m2\repository\org\apache\tomcat\embed\tomcat-embed-websocket\10.1.16\tomcat-embed-websocket-10.1.16.jar;C:\Users\maroj\.m2\repository\org\springframework\spring-web\6.1.1\spring-web-6.1.1.jar;C:\Users\maroj\.m2\repository\io\micrometer\micrometer-observation\1.12.0\micrometer-observation-1.12.0.jar;C:\Users\maroj\.m2\repository\io\micrometer\micrometer-commons\1.12.0\micrometer-commons-1.12.0.jar;C:\Users\maroj\.m2\repository\org\springframework\spring-webmvc\6.1.1\spring-webmvc-6.1.1.jar;C:\Users\maroj\.m2\repository\org\springframework\spring-aop\6.1.1\spring-aop-6.1.1.jar;C:\Users\maroj\.m2\repository\org\springframework\spring-context\6.1.1\spring-context-6.1.1.jar;C:\Users\maroj\.m2\repository\org\springframework\spring-expression\6.1.1\spring-expression-6.1.1.jar;C:\Users\maroj\.m2\repository\org\postgresql\postgresql\42.6.0\postgresql-42.6.0.jar;C:\Users\maroj\.m2\repository\org\checkerframework\checker-qual\3.31.0\checker-qual-3.31.0.jar;C:\Users\maroj\.m2\repository\org\slf4j\slf4j-api\2.0.9\slf4j-api-2.0.9.jar;C:\Users\maroj\.m2\repository\jakarta\xml\bind\jakarta.xml.bind-api\4.0.1\jakarta.xml.bind-api-4.0.1.jar;C:\Users\maroj\.m2\repository\jakarta\activation\jakarta.activation-api\2.1.2\jakarta.activation-api-2.1.2.jar;C:\Users\maroj\.m2\repository\net\bytebuddy\byte-buddy\1.14.10\byte-buddy-1.14.10.jar;C:\Users\maroj\.m2\repository\org\springframework\boot\spring-boot-starter-data-jpa\3.2.0\spring-boot-starter-data-jpa-3.2.0.jar;C:\Users\maroj\.m2\repository\org\springframework\boot\spring-boot-starter-aop\3.2.0\spring-boot-starter-aop-3.2.0.jar;C:\Users\maroj\.m2\repository\org\aspectj\aspectjweaver\1.9.20.1\aspectjweaver-1.9.20.1.jar;C:\Users\maroj\.m2\repository\org\springframework\boot\spring-boot-starter-jdbc\3.2.0\spring-boot-starter-jdbc-3.2.0.jar;C:\Users\maroj\.m2\repository\com\zaxxer\HikariCP\5.0.1\HikariCP-5.0.1.jar;C:\Users\maroj\.m2\repository\org\hibernate\orm\hibernate-core\6.3.1.Final\hibernate-core-6.3.1.Final.jar;C:\Users\maroj\.m2\repository\jakarta\persistence\jakarta.persistence-api\3.1.0\jakarta.persistence-api-3.1.0.jar;C:\Users\maroj\.m2\repository\jakarta\transaction\jakarta.transaction-api\2.0.1\jakarta.transaction-api-2.0.1.jar;C:\Users\maroj\.m2\repository\org\jboss\logging\jboss-logging\3.5.3.Final\jboss-logging-3.5.3.Final.jar;C:\Users\maroj\.m2\repository\org\hibernate\common\hibernate-commons-annotations\6.0.6.Final\hibernate-commons-annotations-6.0.6.Final.jar;C:\Users\maroj\.m2\repository\io\smallrye\jandex\3.1.2\jandex-3.1.2.jar;C:\Users\maroj\.m2\repository\com\fasterxml\classmate\1.6.0\classmate-1.6.0.jar;C:\Users\maroj\.m2\repository\org\glassfish\jaxb\jaxb-runtime\4.0.4\jaxb-runtime-4.0.4.jar;C:\Users\maroj\.m2\repository\org\glassfish\jaxb\jaxb-core\4.0.4\jaxb-core-4.0.4.jar;C:\Users\maroj\.m2\repository\org\eclipse\angus\angus-activation\2.0.1\angus-activation-2.0.1.jar;C:\Users\maroj\.m2\repository\org\glassfish\jaxb\txw2\4.0.4\txw2-4.0.4.jar;C:\Users\maroj\.m2\repository\com\sun\istack\istack-commons-runtime\4.1.2\istack-commons-runtime-4.1.2.jar;C:\Users\maroj\.m2\repository\jakarta\inject\jakarta.inject-api\2.0.1\jakarta.inject-api-2.0.1.jar;C:\Users\maroj\.m2\repository\org\antlr\antlr4-runtime\4.10.1\antlr4-runtime-4.10.1.jar;C:\Users\maroj\.m2\repository\org\springframework\data\spring-data-jpa\3.2.0\spring-data-jpa-3.2.0.jar;C:\Users\maroj\.m2\repository\org\springframework\data\spring-data-commons\3.2.0\spring-data-commons-3.2.0.jar;C:\Users\maroj\.m2\repository\org\springframework\spring-orm\6.1.1\spring-orm-6.1.1.jar;C:\Users\maroj\.m2\repository\org\springframework\spring-aspects\6.1.1\spring-aspects-6.1.1.jar;C:\Users\maroj\.m2\repository\com\fasterxml\jackson\core\jackson-databind\2.15.3\jackson-databind-2.15.3.jar;C:\Users\maroj\.m2\repository\com\fasterxml\jackson\core\jackson-annotations\2.15.3\jackson-annotations-2.15.3.jar;C:\Users\maroj\.m2\repository\com\fasterxml\jackson\core\jackson-core\2.15.3\jackson-core-2.15.3.jar
Launcher Type: SUN_STANDARD

[Global flags]
     intx CICompilerCount                          = 4                                         {product} {ergonomic}
     uint ConcGCThreads                            = 2                                         {product} {ergonomic}
     uint G1ConcRefinementThreads                  = 8                                         {product} {ergonomic}
   size_t G1HeapRegionSize                         = 1048576                                   {product} {ergonomic}
    uintx GCDrainStackTargetSize                   = 64                                        {product} {ergonomic}
   size_t InitialHeapSize                          = 132120576                                 {product} {ergonomic}
   size_t MarkStackSize                            = 4194304                                   {product} {ergonomic}
   size_t MaxHeapSize                              = 2090860544                                {product} {ergonomic}
   size_t MaxNewSize                               = 1254096896                                {product} {ergonomic}
   size_t MinHeapDeltaBytes                        = 1048576                                   {product} {ergonomic}
   size_t MinHeapSize                              = 8388608                                   {product} {ergonomic}
    uintx NonNMethodCodeHeapSize                   = 5839372                                {pd product} {ergonomic}
    uintx NonProfiledCodeHeapSize                  = 122909434                              {pd product} {ergonomic}
    uintx ProfiledCodeHeapSize                     = 122909434                              {pd product} {ergonomic}
    uintx ReservedCodeCacheSize                    = 251658240                              {pd product} {ergonomic}
     bool SegmentedCodeCache                       = true                                      {product} {ergonomic}
     bool ShowCodeDetailsInExceptionMessages       = true                                   {manageable} {command line}
   size_t SoftMaxHeapSize                          = 2090860544                             {manageable} {ergonomic}
     bool UseCompressedClassPointers               = true                           {product lp64_product} {ergonomic}
     bool UseCompressedOops                        = true                           {product lp64_product} {ergonomic}
     bool UseG1GC                                  = true                                      {product} {ergonomic}
     bool UseLargePagesIndividualAllocation        = false                                  {pd product} {ergonomic}

Logging:
Log output configuration:
 #0: stdout all=warning uptime,level,tags foldmultilines=false
 #1: stderr all=off uptime,level,tags foldmultilines=false

Environment Variables:
JAVA_HOME=C:\Program Files\Eclipse Adoptium\jdk-17.0.6.10-hotspot\
PATH=D:/Programfiles/java/jdk-19/bin/server;D:/Programfiles/java/jdk-19/bin;C:\ProgramData\Oracle\Java\javapath;C:\Program Files\Eclipse Adoptium\jdk-17.0.6.10-hotspot\bin;C:\Program Files\Common Files\Oracle\Java\javapath;C:\WINDOWS\system32;C:\WINDOWS;C:\WINDOWS\System32\Wbem;C:\WINDOWS\System32\WindowsPowerShell\v1.0\;D:\Programfiles\java\jdk-19\bin;C:\Program Files\Microsoft SQL Server\150\Tools\Binn\;C:\Program Files\Microsoft SQL Server\Client SDK\ODBC\170\Tools\Binn\;C:\Program Files\dotnet\;C:\Program Files\Git\cmd;C:\Program Files\nodejs\;C:\Program Files\PuTTY\;C:\Users\maroj\AppData\Local\Programs\Python\Python311\Scripts\;C:\Users\maroj\AppData\Local\Programs\Python\Python311\;C:\Users\maroj\AppData\Local\Microsoft\WindowsApps;C:\Program Files\JetBrains\PyCharm Community Edition 2022.2.2\bin;C:\Users\maroj\.dotnet\tools;C:\Users\maroj\AppData\Local\GitHubDesktop\bin;C:\Users\maroj\AppData\Roaming\npm;E:\Microsoft VS Code\bin;C:\Windows;
USERNAME=maroj
OS=Windows_NT
PROCESSOR_IDENTIFIER=Intel64 Family 6 Model 140 Stepping 1, GenuineIntel
TMP=C:\Users\maroj\AppData\Local\Temp
TEMP=C:\Users\maroj\AppData\Local\Temp



---------------  S Y S T E M  ---------------

OS:
 Windows 11 , 64 bit Build 22621 (10.0.22621.2215)
OS uptime: 39 days 9:11 hours
Hyper-V role detected

CPU: total 8 (initial active 8) (4 cores per cpu, 2 threads per core) family 6 model 140 stepping 1 microcode 0x8a, cx8, cmov, fxsr, ht, mmx, 3dnowpref, sse, sse2, sse3, ssse3, sse4.1, sse4.2, popcnt, lzcnt, tsc, tscinvbit, avx, avx2, aes, erms, clmul, bmi1, bmi2, adx, avx512f, avx512dq, avx512cd, avx512bw, avx512vl, sha, fma, vzeroupper, avx512_vpopcntdq, avx512_vpclmulqdq, avx512_vaes, avx512_vnni, clflush, clflushopt, clwb, avx512_vbmi2, avx512_vbmi, hv, rdtscp, rdpid, fsrm, gfni, avx512_bitalg

Memory: 4k page, system-wide physical 7975M (890M free)
TotalPageFile size 16263M (AvailPageFile size 2644M)
current process WorkingSet (physical memory assigned to process): 285M, peak: 361M
current process commit charge ("private bytes"): 334M, peak: 425M

vm_info: Java HotSpot(TM) 64-Bit Server VM (19.0.1+10-21) for windows-amd64 JRE (19.0.1+10-21), built on 2022-09-14T12:45:06Z by "mach5one" with MS VC++ 17.1 (VS2022)

END.
